[2021-10-04 21:23:36]
錯誤（ERROR）：
Command raised an exception: HTTPException: 400 Bad Request (error code: 50006): Cannot send an empty message
[2021-10-04 22:53:08]
------機器人已關閉------
[2021-10-04 23:48:52]
------機器人已關閉------
[2021-10-05 01:18:48]
------機器人已關閉------
[2021-10-05 05:15:30]
------機器人已關閉------
[2021-10-05 07:06:56]
------機器人已關閉------
[2021-10-05 09:35:00]
------機器人已關閉------
[2021-10-05 10:23:35]
------機器人已關閉------
[2021-10-05 12:25:02]
------機器人已關閉------
[2021-10-05 14:43:07]
------機器人已關閉------
[2021-10-05 15:49:49]
------機器人已關閉------
[2021-10-05 19:08:20]
------機器人已關閉------
[2021-10-05 22:50:27]
------機器人已關閉------
[2021-10-05 22:51:22]
------機器人已關閉------
[2021-10-05 22:53:35]
------機器人已關閉------
[2021-10-05 23:11:44]
錯誤（ERROR）：
cmd is a required argument that is missing.
[2021-10-05 23:33:51]
------機器人已關閉------
[2021-10-06 00:32:10]
------機器人已關閉------
[2021-10-06 00:41:57]
------機器人已關閉------
[2021-10-06 01:22:27]
------機器人已關閉------
[2021-10-06 01:46:01]
------機器人已關閉------
[2021-10-06 02:09:48]
------機器人已關閉------
[2021-10-06 02:21:13]
------機器人已關閉------
[2021-10-06 03:03:33]
------機器人已關閉------
[2021-10-06 06:30:21]
------機器人已關閉------
[2021-10-06 09:39:55]
------機器人已關閉------
[2021-10-06 13:22:43]
------機器人已關閉------
[2021-10-06 14:08:27]
------機器人已關閉------
[2021-10-06 14:33:52]
------機器人已關閉------
[2021-10-06 15:56:28]
------機器人已關閉------
[2021-10-06 16:26:54]
------機器人已關閉------
[2021-10-06 19:04:39]
------機器人已關閉------
[2021-10-06 20:39:27]
錯誤（ERROR）：
Command raised an exception: ExtensionAlreadyLoaded: Extension 'cmds.wiki' is already loaded.
[2021-10-06 20:41:32]
錯誤（ERROR）：
Command "rivenPrice" is not found
[2021-10-06 20:43:25]
------機器人已關閉------
[2021-10-06 20:43:33]
錯誤（ERROR）：
msg is a required argument that is missing.
[2021-10-06 20:44:12]
錯誤（ERROR）：
Command raised an exception: ExtensionAlreadyLoaded: Extension 'cmds.easycalc' is already loaded.
[2021-10-06 20:44:45]
錯誤（ERROR）：
Command "easycalc" is not found
[2021-10-07 03:40:34]
------機器人已關閉------
[2021-10-07 05:05:33]
------機器人已關閉------
[2021-10-07 05:33:00]
------機器人已關閉------
[2021-10-07 07:42:11]
------機器人已關閉------
[2021-10-07 11:35:08]
------機器人已關閉------
[2021-10-07 12:33:51]
------機器人已關閉------
[2021-10-07 15:52:11]
------機器人已關閉------
[2021-10-07 16:45:29]
------機器人已關閉------
[2021-10-07 17:05:09]
------機器人已關閉------
[2021-10-07 18:44:19]
------機器人已關閉------
[2021-10-08 00:39:26]
------機器人已關閉------
[2021-10-08 01:06:52]
------機器人已關閉------
[2021-10-08 02:28:00]
------機器人已關閉------
[2021-10-08 04:19:19]
------機器人已關閉------
[2021-10-08 08:12:19]
------機器人已關閉------
[2021-10-08 08:36:22]
------機器人已關閉------
[2021-10-08 12:33:24]
------機器人已關閉------
[2021-10-08 13:41:56]
------機器人已關閉------
[2021-10-08 17:04:45]
------機器人已關閉------
[2021-10-08 18:30:10]
------機器人已關閉------
[2021-10-09 04:51:42]
------機器人已關閉------
[2021-10-09 06:46:14]
------機器人已關閉------
[2021-10-09 07:18:23]
------機器人已關閉------
[2021-10-09 11:08:02]
------機器人已關閉------
[2021-10-09 14:53:50]
------機器人已關閉------
[2021-10-09 16:01:12]
------機器人已關閉------
[2021-10-09 18:06:02]
------機器人已關閉------
[2021-10-09 20:32:11]
------機器人已關閉------
[2021-10-09 22:27:39]
------機器人已關閉------
[2021-10-10 01:01:41]
------機器人已關閉------
[2021-10-10 02:59:19]
------機器人已關閉------
[2021-10-10 03:32:36]
------機器人已關閉------
[2021-10-10 05:51:46]
------機器人已關閉------
[2021-10-10 07:37:02]
------機器人已關閉------
[2021-10-10 11:18:33]
------機器人已關閉------
[2021-10-10 12:43:05]
------機器人已關閉------
[2021-10-10 14:37:12]
------機器人已關閉------
[2021-10-10 18:02:30]
------機器人已關閉------
[2021-10-10 19:30:21]
------機器人已關閉------
[2021-10-10 23:01:29]
------機器人已關閉------
[2021-10-10 23:53:07]
------機器人已關閉------
[2021-10-11 01:30:19]
------機器人已關閉------
[2021-10-11 02:01:57]
------機器人已關閉------
[2021-10-11 04:38:53]
------機器人已關閉------
[2021-10-11 07:24:15]
------機器人已關閉------
[2021-10-11 11:23:08]
------機器人已關閉------
[2021-10-11 12:58:35]
------機器人已關閉------
[2021-10-11 15:51:57]
------機器人已關閉------
[2021-10-11 16:20:15]
------機器人已關閉------
[2021-10-11 19:40:30]
------機器人已關閉------
[2021-10-11 22:41:57]
------機器人已關閉------
[2021-10-11 23:00:11]
------機器人已關閉------
[2021-10-12 02:03:08]
------機器人已關閉------
[2021-10-12 06:00:30]
------機器人已關閉------
[2021-10-12 08:34:32]
------機器人已關閉------
[2021-10-12 10:05:48]
------機器人已關閉------
[2021-10-12 12:42:53]
------機器人已關閉------
[2021-10-12 15:08:23]
------機器人已關閉------
[2021-10-12 18:42:59]
------機器人已關閉------
[2021-10-12 22:10:57]
------機器人已關閉------
[2021-10-13 00:55:34]
------機器人已關閉------
[2021-10-13 02:03:05]
------機器人已關閉------
[2021-10-13 03:28:29]
------機器人已關閉------
[2021-10-13 05:43:16]
------機器人已關閉------
[2021-10-13 06:53:23]
------機器人已關閉------
[2021-10-13 07:19:36]
------機器人已關閉------
[2021-10-13 09:07:34]
------機器人已關閉------
[2021-10-13 10:36:56]
------機器人已關閉------
[2021-10-13 12:32:55]
------機器人已關閉------
[2021-10-13 14:14:12]
------機器人已關閉------
[2021-10-13 16:21:31]
------機器人已關閉------
[2021-10-13 18:14:13]
------機器人已關閉------
[2021-10-13 19:11:04]
------機器人已關閉------
[2021-10-13 22:13:21]
------機器人已關閉------
[2021-10-14 00:59:48]
------機器人已關閉------
[2021-11-04 21:35:01]
------機器人已關閉------
[2021-11-04 21:42:29]
錯誤（ERROR）：
Command "!join" is not found
[2021-11-04 21:42:42]
錯誤（ERROR）：
Command "!play" is not found
[2021-11-04 21:44:26]
錯誤（ERROR）：
Command "!leave" is not found
[2021-11-04 21:51:59]
錯誤（ERROR）：
Command "!join" is not found
[2021-11-04 21:57:58]
錯誤（ERROR）：
Command "!join" is not found
[2021-11-04 21:58:18]
錯誤（ERROR）：
Command "!join" is not found
[2021-11-04 22:35:25]
------機器人已關閉------
[2021-11-04 22:55:34]
------機器人已關閉------
[2021-11-04 23:27:16]
錯誤（ERROR）：
Command "!play" is not found
[2021-11-04 23:27:51]
錯誤（ERROR）：
Command "!play" is not found
[2021-11-04 23:28:24]
錯誤（ERROR）：
Command "!join" is not found
[2021-11-04 23:28:37]
錯誤（ERROR）：
Command "!play" is not found
[2021-11-04 23:28:57]
錯誤（ERROR）：
Command "!leave" is not found
[2021-11-04 23:30:18]
錯誤（ERROR）：
Command "!join" is not found
[2021-11-04 23:30:59]
錯誤（ERROR）：
Command "!join" is not found
[2021-11-04 23:31:19]
錯誤（ERROR）：
Command "!play" is not found
[2021-11-04 23:31:45]
錯誤（ERROR）：
Command "!play" is not found
[2021-11-04 23:33:33]
錯誤（ERROR）：
Command "!leave" is not found
[2021-11-05 01:44:40]
------機器人已關閉------
[2021-11-05 05:12:22]
------機器人已關閉------
[2021-11-05 07:15:53]
------機器人已關閉------
[2021-11-05 09:44:58]
------機器人已關閉------
[2021-11-05 11:34:35]
------機器人已關閉------
[2021-11-05 14:59:12]
------機器人已關閉------
[2021-11-05 17:59:35]
------機器人已關閉------
[2021-11-05 18:22:38]
------機器人已關閉------
[2021-11-05 19:26:09]
------機器人已關閉------
[2021-11-05 21:33:10]
------機器人已關閉------
[2021-11-05 23:20:42]
------機器人已關閉------
[2021-11-06 00:38:32]
------機器人已關閉------
[2021-11-06 01:00:33]
------機器人已關閉------
[2021-11-06 01:12:09]
------機器人已關閉------
[2021-11-06 01:43:54]
------機器人已關閉------
[2021-11-06 03:33:59]
------機器人已關閉------
[2021-11-06 07:25:06]
------機器人已關閉------
[2021-11-06 15:10:26]
錯誤（ERROR）：
Command "invite" is not found
[2021-11-06 15:11:08]
錯誤（ERROR）：
Command "play" is not found
[2021-11-06 15:11:29]
錯誤（ERROR）：
Command "play" is not found
[2021-11-06 15:16:14]
錯誤（ERROR）：
Command "p" is not found
[2021-11-06 16:01:52]
------機器人已關閉------
[2021-11-06 18:30:25]
------機器人已關閉------
[2021-11-06 21:48:15]
------機器人已關閉------
[2021-11-06 22:37:27]
錯誤（ERROR）：
Command "!join" is not found
[2021-11-06 22:44:23]
錯誤（ERROR）：
Command "!join" is not found
[2021-11-06 22:44:40]
錯誤（ERROR）：
Command "!play" is not found
[2021-11-06 22:49:44]
錯誤（ERROR）：
Command "!join" is not found
[2021-11-06 22:49:59]
錯誤（ERROR）：
Command "!play" is not found
[2021-11-06 22:50:32]
錯誤（ERROR）：
Command "!queue" is not found
[2021-11-06 22:50:52]
錯誤（ERROR）：
Command "!play" is not found
[2021-11-06 22:54:15]
錯誤（ERROR）：
Command "!play" is not found
[2021-11-06 22:56:08]
錯誤（ERROR）：
Command "!play" is not found
[2021-11-06 22:56:21]
錯誤（ERROR）：
Command "!play" is not found
[2021-11-06 22:56:33]
錯誤（ERROR）：
Command "!queue" is not found
[2021-11-06 22:56:57]
錯誤（ERROR）：
Command "!skip" is not found
[2021-11-06 22:59:59]
錯誤（ERROR）：
Command "!skip" is not found
[2021-11-06 23:02:44]
錯誤（ERROR）：
Command "!leave" is not found
[2021-11-07 01:24:12]
------機器人已關閉------
[2021-11-07 03:02:20]
------機器人已關閉------
[2021-11-07 05:03:51]
------機器人已關閉------
[2021-11-07 08:11:44]
------機器人已關閉------
[2021-11-07 09:51:49]
------機器人已關閉------
[2021-11-07 11:56:58]
錯誤（ERROR）：
Command "!p" is not found
[2021-11-07 11:57:19]
錯誤（ERROR）：
Command "!join" is not found
[2021-11-07 11:57:48]
錯誤（ERROR）：
Command "!p" is not found
[2021-11-07 11:58:51]
錯誤（ERROR）：
Command "!p" is not found
[2021-11-07 11:59:01]
錯誤（ERROR）：
Command "!play" is not found
[2021-11-07 11:59:23]
錯誤（ERROR）：
Command "!join" is not found
[2021-11-07 12:00:08]
錯誤（ERROR）：
Command "!join" is not found
[2021-11-07 12:00:22]
錯誤（ERROR）：
Command "!play" is not found
[2021-11-07 12:02:25]
錯誤（ERROR）：
Command "!skpi" is not found
[2021-11-07 12:02:29]
錯誤（ERROR）：
Command "!skip" is not found
[2021-11-07 12:02:34]
錯誤（ERROR）：
Command "!leave" is not found
[2021-11-07 12:02:47]
錯誤（ERROR）：
Command "!clear" is not found
[2021-11-07 13:28:48]
------機器人已關閉------
[2021-11-07 17:18:20]
------機器人已關閉------
[2021-11-07 18:00:38]
錯誤（ERROR）：
Command "!join" is not found
[2021-11-07 18:11:16]
錯誤（ERROR）：
Command "!join" is not found
[2021-11-07 18:11:33]
錯誤（ERROR）：
Command "!play" is not found
[2021-11-07 18:12:10]
錯誤（ERROR）：
Command "!play" is not found
[2021-11-07 18:12:51]
錯誤（ERROR）：
Command "!leave" is not found
[2021-11-07 18:15:24]
錯誤（ERROR）：
Command "!join" is not found
[2021-11-07 18:15:30]
錯誤（ERROR）：
Command "!leave" is not found
[2021-11-07 19:08:48]
------機器人已關閉------
[2021-11-07 22:12:07]
錯誤（ERROR）：
Command "!join" is not found
[2021-11-07 22:15:49]
錯誤（ERROR）：
Command "!play" is not found
[2021-11-07 22:16:59]
錯誤（ERROR）：
Command "!play" is not found
[2021-11-07 22:17:10]
錯誤（ERROR）：
Command "!skip" is not found
[2021-11-07 22:17:52]
錯誤（ERROR）：
Command "!skip" is not found
[2021-11-07 22:17:57]
錯誤（ERROR）：
Command "!leave" is not found
[2021-11-07 22:18:45]
錯誤（ERROR）：
Command "!join" is not found
[2021-11-07 22:18:58]
錯誤（ERROR）：
Command "!leave" is not found
[2021-11-07 22:19:22]
錯誤（ERROR）：
Command "!join" is not found
[2021-11-07 22:19:32]
錯誤（ERROR）：
Command "!leave" is not found
[2021-11-07 22:19:45]
錯誤（ERROR）：
Command "!join" is not found
[2021-11-07 22:19:57]
錯誤（ERROR）：
Command "!play" is not found
[2021-11-07 22:25:13]
錯誤（ERROR）：
Command "!play" is not found
[2021-11-07 22:29:14]
錯誤（ERROR）：
Command "!play" is not found
[2021-11-07 22:34:02]
錯誤（ERROR）：
Command "!leave" is not found
[2021-11-07 22:40:50]
------機器人已關閉------
[2021-11-07 23:17:05]
錯誤（ERROR）：
Command "!join" is not found
[2021-11-07 23:17:43]
錯誤（ERROR）：
Command "!leave" is not found
[2021-11-08 00:00:43]
------機器人已關閉------
[2021-11-08 01:12:04]
------機器人已關閉------
[2021-11-08 04:28:15]
------機器人已關閉------
[2021-11-08 07:26:45]
------機器人已關閉------
[2021-11-08 08:11:03]
------機器人已關閉------
[2021-11-08 11:04:46]
------機器人已關閉------
[2021-11-08 13:19:17]
------機器人已關閉------
[2021-11-08 16:08:34]
------機器人已關閉------
[2021-11-08 17:20:05]
------機器人已關閉------
[2021-11-08 17:46:04]
錯誤（ERROR）：
Command raised an exception: TypeError: int() argument must be a string, a bytes-like object or a number, not 'list'
[2021-11-08 18:10:34]
------機器人已關閉------
[2021-11-08 18:47:13]
錯誤（ERROR）：
Command raised an exception: TypeError: must be str, not list
[2021-11-08 19:51:29]
------機器人已關閉------
[2021-11-09 00:50:07]
------機器人已關閉------
[2021-11-09 01:58:44]
------機器人已關閉------
[2021-11-09 03:16:22]
------機器人已關閉------
[2021-11-09 05:29:53]
------機器人已關閉------
[2021-11-09 08:45:20]
------機器人已關閉------
[2021-11-09 12:21:37]
------機器人已關閉------
[2021-11-09 15:31:03]
------機器人已關閉------
[2021-11-09 15:31:08]
------機器人已關閉------
[2021-11-09 15:31:19]
------機器人已關閉------
[2021-11-09 15:31:33]
------機器人已關閉------
[2021-11-09 15:31:44]
------機器人已關閉------
[2021-11-09 15:31:48]
------機器人已關閉------
[2021-11-09 15:32:10]
------機器人已關閉------
[2021-11-09 15:33:14]
------機器人已關閉------
[2021-11-09 15:34:24]
------機器人已關閉------
[2021-11-09 15:35:46]
------機器人已關閉------
[2021-11-09 15:38:12]
------機器人已關閉------
[2021-11-09 15:53:54]
------機器人已關閉------
[2021-11-09 16:35:55]
------機器人已關閉------
[2021-11-09 18:17:12]
------機器人已關閉------
[2021-11-09 19:48:05]
錯誤（ERROR）：
Command "!join" is not found
[2021-11-09 19:48:11]
錯誤（ERROR）：
Command "!leave" is not found
[2021-11-09 21:14:45]
------機器人已關閉------
[2021-11-09 22:27:27]
------機器人已關閉------
[2021-11-10 01:08:54]
------機器人已關閉------
[2021-11-10 03:23:55]
------機器人已關閉------
[2021-11-10 05:02:56]
------機器人已關閉------
[2021-11-10 05:28:17]
------機器人已關閉------
[2021-11-10 06:32:45]
------機器人已關閉------
[2021-11-10 06:32:45]
------機器人已關閉------
[2021-11-10 06:32:47]
------機器人已關閉------
[2021-11-10 08:54:48]
------機器人已關閉------
[2021-11-10 10:28:31]
------機器人已關閉------
[2021-11-10 11:39:37]
------機器人已關閉------
[2021-11-10 13:33:22]
------機器人已關閉------
[2021-11-10 16:46:30]
------機器人已關閉------
[2021-11-10 18:57:46]
------機器人已關閉------
[2021-11-10 19:17:11]
------機器人已關閉------
[2021-11-10 21:05:04]
錯誤（ERROR）：
Command "!join" is not found
[2021-11-10 21:05:19]
錯誤（ERROR）：
Command "!play" is not found
[2021-11-10 21:25:30]
------機器人已關閉------
[2021-11-10 22:09:59]
錯誤（ERROR）：
Command "!play" is not found
[2021-11-10 22:10:04]
錯誤（ERROR）：
Command "!skip" is not found
[2021-11-10 22:15:00]
錯誤（ERROR）：
Command "!play" is not found
[2021-11-10 22:15:20]
錯誤（ERROR）：
Command "!play" is not found
[2021-11-10 22:15:24]
錯誤（ERROR）：
Command "!play" is not found
[2021-11-10 22:15:26]
錯誤（ERROR）：
Command "!play" is not found
[2021-11-10 22:15:29]
錯誤（ERROR）：
Command "!play" is not found
[2021-11-10 22:15:31]
錯誤（ERROR）：
Command "!play" is not found
[2021-11-10 22:15:34]
錯誤（ERROR）：
Command "!play" is not found
[2021-11-10 22:15:35]
錯誤（ERROR）：
Command "!play" is not found
[2021-11-10 22:15:39]
錯誤（ERROR）：
Command "!play" is not found
[2021-11-10 22:16:34]
錯誤（ERROR）：
Command "!queue" is not found
[2021-11-10 22:19:47]
錯誤（ERROR）：
Command "!pause" is not found
[2021-11-10 22:22:34]
錯誤（ERROR）：
Command "!leave" is not found
[2021-11-10 23:00:44]
------機器人已關閉------
[2021-11-11 09:22:25]
------機器人已關閉------
[2021-11-11 11:53:16]
------機器人已關閉------
[2021-11-11 15:50:50]
------機器人已關閉------
[2021-11-11 18:00:52]
------機器人已關閉------
[2021-11-11 20:18:04]
------機器人已關閉------
[2021-11-11 20:24:53]
------機器人已關閉------
[2021-11-11 23:47:48]
------機器人已關閉------
[2021-11-12 00:21:57]
------機器人已關閉------
[2021-11-12 01:32:13]
------機器人已關閉------
[2021-11-12 03:43:40]
------機器人已關閉------
[2021-11-12 05:33:10]
------機器人已關閉------
[2021-11-12 08:21:35]
------機器人已關閉------
[2021-11-12 09:50:47]
------機器人已關閉------
[2021-11-12 10:15:19]
------機器人已關閉------
[2021-11-12 10:42:09]
------機器人已關閉------
[2021-11-12 11:14:59]
------機器人已關閉------
[2021-11-12 12:06:32]
------機器人已關閉------
[2021-11-12 12:33:25]
------機器人已關閉------
[2021-11-12 14:24:48]
------機器人已關閉------
[2021-11-12 17:21:27]
------機器人已關閉------
[2021-11-12 17:47:46]
------機器人已關閉------
[2021-11-12 20:08:34]
------機器人已關閉------
[2021-11-12 23:05:41]
------機器人已關閉------
[2021-11-12 23:43:41]
------機器人已關閉------
[2021-11-13 01:31:38]
------機器人已關閉------
[2021-11-13 04:08:23]
------機器人已關閉------
[2021-11-13 05:38:17]
------機器人已關閉------
[2021-11-13 09:12:07]
------機器人已關閉------
[2021-11-13 13:05:08]
------機器人已關閉------
[2021-11-14 02:19:21]
------機器人已關閉------
[2021-11-14 05:15:16]
------機器人已關閉------
[2021-11-14 05:58:19]
------機器人已關閉------
[2021-11-14 09:11:11]
------機器人已關閉------
[2021-11-14 12:31:07]
------機器人已關閉------
[2021-11-14 14:49:01]
------機器人已關閉------
[2021-11-14 21:21:39]
------機器人已關閉------
[2021-11-14 23:29:39]
------機器人已關閉------
[2021-11-15 02:54:39]
------機器人已關閉------
[2021-11-15 06:38:16]
------機器人已關閉------
[2021-11-15 07:08:15]
------機器人已關閉------
[2021-11-15 09:19:29]
------機器人已關閉------
[2021-11-15 10:31:11]
------機器人已關閉------
[2021-11-15 11:17:57]
------機器人已關閉------
[2021-11-15 14:25:52]
------機器人已關閉------
[2021-11-15 14:49:39]
------機器人已關閉------
[2021-11-15 15:57:59]
------機器人已關閉------
[2021-11-15 18:18:38]
------機器人已關閉------
[2021-11-15 20:15:20]
------機器人已關閉------
[2021-11-15 20:39:58]
錯誤（ERROR）：
Command "rc" is not found
[2021-11-15 20:40:16]
錯誤（ERROR）：
Command "timer" is not found
[2021-11-15 23:31:58]
錯誤（ERROR）：
index is a required argument that is missing.
[2021-11-15 23:34:42]
錯誤（ERROR）：
Command raised an exception: TypeError: can only concatenate str (not "list") to str
[2021-11-16 00:05:09]
------機器人已關閉------
[2021-11-16 01:43:18]
------機器人已關閉------
[2021-11-16 02:59:07]
------機器人已關閉------
[2021-11-16 04:22:24]
------機器人已關閉------
[2021-11-16 05:16:43]
------機器人已關閉------
[2021-11-16 07:08:06]
------機器人已關閉------
[2021-11-16 07:37:38]
------機器人已關閉------
[2021-11-16 08:09:26]
------機器人已關閉------
[2021-11-16 10:17:07]
------機器人已關閉------
[2021-11-16 14:06:46]
------機器人已關閉------
[2021-11-16 14:23:50]
------機器人已關閉------
[2021-11-16 17:22:48]
------機器人已關閉------
[2021-11-16 21:41:37]
------機器人已關閉------
[2021-11-16 23:13:07]
------機器人已關閉------
[2021-11-17 00:52:18]
------機器人已關閉------
[2021-11-17 02:04:47]
------機器人已關閉------
[2021-11-17 02:22:06]
------機器人已關閉------
[2021-11-17 02:52:22]
------機器人已關閉------
[2021-11-17 03:12:42]
------機器人已關閉------
[2021-11-17 04:37:04]
------機器人已關閉------
[2021-11-17 05:53:20]
------機器人已關閉------
[2021-11-17 08:59:21]
------機器人已關閉------
[2021-11-17 12:19:13]
------機器人已關閉------
[2021-11-17 14:25:10]
------機器人已關閉------
[2021-11-17 22:44:49]
------機器人已關閉------
[2021-11-17 22:52:46]
------機器人已關閉------
[2021-11-17 23:16:55]
------機器人已關閉------
[2021-11-18 02:01:17]
------機器人已關閉------
[2021-11-18 02:54:15]
------機器人已關閉------
[2021-11-18 05:32:59]
------機器人已關閉------
[2021-11-18 07:13:30]
------機器人已關閉------
[2021-11-18 08:50:46]
------機器人已關閉------
[2021-11-18 11:32:59]
------機器人已關閉------
[2021-11-18 15:08:37]
------機器人已關閉------
[2021-11-18 16:20:28]
------機器人已關閉------
[2021-11-18 17:50:00]
------機器人已關閉------
[2021-11-18 17:58:53]
------機器人已關閉------
[2021-11-18 18:21:18]
------機器人已關閉------
[2021-11-18 21:09:06]
------機器人已關閉------
[2021-11-19 21:44:09]
錯誤（ERROR）：
Command "log" is not found
[2021-11-20 16:45:40]
------機器人已關閉------
[2021-11-20 20:06:54]
------機器人已關閉------
[2021-11-20 20:17:23]
錯誤（ERROR）：
Command "tomhi" is not found
[2021-11-20 22:25:18]
------機器人已關閉------
[2021-11-21 01:53:04]
------機器人已關閉------
[2021-11-21 05:27:33]
------機器人已關閉------
[2021-11-21 08:49:21]
------機器人已關閉------
[2021-11-21 12:01:39]
------機器人已關閉------
[2021-11-21 14:01:35]
------機器人已關閉------
[2021-11-21 14:09:04]
錯誤（ERROR）：
Command "checkin" is not found
[2021-11-21 14:09:34]
錯誤（ERROR）：
Command "checkout" is not found
[2021-11-21 14:10:34]
錯誤（ERROR）：
Command "cheackin" is not found
[2021-11-21 14:10:50]
錯誤（ERROR）：
Command "checkin" is not found
[2021-11-21 14:11:11]
錯誤（ERROR）：
Command "chechout" is not found
[2021-11-21 14:11:22]
錯誤（ERROR）：
Command "checkout" is not found
[2021-11-21 16:46:14]
------機器人已關閉------
[2021-11-21 20:11:55]
------機器人已關閉------
[2021-11-21 20:42:20]
------機器人已關閉------
[2021-11-22 01:34:27]
------機器人已關閉------
[2021-11-22 03:13:12]
------機器人已關閉------
[2021-11-22 03:53:22]
------機器人已關閉------
[2021-11-22 04:49:11]
------機器人已關閉------
[2021-11-22 06:27:43]
------機器人已關閉------
[2021-11-22 10:16:48]
------機器人已關閉------
[2021-11-22 11:56:50]
------機器人已關閉------
[2021-11-22 14:16:22]
------機器人已關閉------
[2021-11-22 15:08:28]
------機器人已關閉------
[2021-11-22 18:09:57]
------機器人已關閉------
[2021-11-22 19:22:24]
------機器人已關閉------
[2021-11-22 20:06:32]
------機器人已關閉------
[2021-11-22 20:50:11]
------機器人已關閉------
[2021-11-22 21:58:31]
------機器人已關閉------
[2021-11-22 22:27:25]
------機器人已關閉------
[2021-11-22 23:22:23]
------機器人已關閉------
[2021-11-23 01:43:50]
------機器人已關閉------
[2021-11-23 03:21:25]
------機器人已關閉------
[2021-11-23 07:07:46]
------機器人已關閉------
[2021-11-23 10:34:28]
------機器人已關閉------
[2021-11-23 12:47:07]
------機器人已關閉------
[2021-11-23 16:25:52]
------機器人已關閉------
[2021-11-23 18:55:59]
------機器人已關閉------
[2021-11-23 20:38:47]
------機器人已關閉------
[2021-11-23 21:07:26]
------機器人已關閉------
[2021-11-23 23:47:16]
------機器人已關閉------
[2021-11-24 01:52:16]
------機器人已關閉------
[2021-11-24 02:58:19]
------機器人已關閉------
[2021-11-24 05:22:22]
------機器人已關閉------
[2021-11-24 06:08:26]
------機器人已關閉------
[2021-11-24 07:50:37]
------機器人已關閉------
[2021-11-24 08:23:40]
------機器人已關閉------
[2021-11-24 11:23:53]
------機器人已關閉------
[2021-11-24 13:45:17]
------機器人已關閉------
[2021-11-24 14:30:18]
------機器人已關閉------
[2021-11-24 15:22:41]
------機器人已關閉------
[2021-11-26 22:00:04]
錯誤（ERROR）：
Command "game" is not found
[2021-11-27 01:20:48]
------機器人已關閉------
[2021-11-27 02:30:27]
------機器人已關閉------
[2021-11-27 04:19:10]
------機器人已關閉------
[2021-11-27 07:10:41]
------機器人已關閉------
[2021-11-27 09:36:57]
------機器人已關閉------
[2021-11-27 10:17:30]
------機器人已關閉------
[2021-11-27 10:36:45]
------機器人已關閉------
[2021-11-27 11:00:16]
------機器人已關閉------
[2021-11-27 11:36:38]
------機器人已關閉------
[2021-11-27 14:11:19]
------機器人已關閉------
[2021-11-27 16:15:37]
------機器人已關閉------
[2021-11-27 17:51:59]
------機器人已關閉------
[2021-11-27 19:05:14]
------機器人已關閉------
[2021-11-27 22:56:43]
------機器人已關閉------
[2021-11-27 23:38:54]
------機器人已關閉------
[2021-11-28 02:56:13]
------機器人已關閉------
[2021-11-28 05:52:33]
------機器人已關閉------
[2021-11-28 08:18:15]
------機器人已關閉------
[2021-11-28 09:23:42]
------機器人已關閉------
[2021-11-28 10:29:00]
------機器人已關閉------
[2021-11-28 12:19:00]
------機器人已關閉------
[2021-11-28 12:58:38]
------機器人已關閉------
[2021-11-28 15:42:43]
------機器人已關閉------
[2021-11-28 17:30:46]
------機器人已關閉------
[2021-11-28 19:07:28]
------機器人已關閉------
