[2021-10-04 19:35:28]Æ星夜Ŧ神氏#0248說:help
[2021-10-04 19:35:59]Æ星夜Ŧ神氏#0248說:!help
[2021-10-04 21:11:53]Æ星夜Ŧ神氏#0248說:!wiki
[2021-10-04 21:11:53]Æ星夜Ŧ神氏#0248說:!snake
[2021-10-04 21:20:20]Æ星夜Ŧ神氏#0248說:!user
[2021-10-04 21:22:30]Æ星夜Ŧ神氏#0248說:!earth
[2021-10-04 21:22:58]Æ星夜Ŧ神氏#0248說:!riven
[2021-10-04 21:23:26]Æ星夜Ŧ神氏#0248說:!ping
[2021-10-04 21:23:36]Æ星夜Ŧ神氏#0248說:!Milos
[2021-10-04 21:24:30]Æ星夜Ŧ神氏#0248說:!fissure
[2021-10-04 21:25:01]Æ星夜Ŧ神氏#0248說:!ooxx
[2021-10-04 21:25:30]Æ星夜Ŧ神氏#0248說:O
[2021-10-04 21:25:43]Æ星夜Ŧ神氏#0248說:!ooxx leave
[2021-10-05 06:32:08]Æ星夜Ŧ神氏#0248說:!avatar
[2021-10-05 07:43:37]Æ星夜Ŧ神氏#0248說:!ccc
[2021-10-05 17:39:26]Æ星夜Ŧ神氏#0248說:!user
[2021-10-05 19:07:09]Æ星夜Ŧ神氏#0248說:!ping
[2021-10-05 19:07:27]Æ星夜Ŧ神氏#0248說:!user
[2021-10-05 19:07:46]Æ星夜Ŧ神氏#0248說:!riven
[2021-10-05 19:08:20]Æ星夜Ŧ神氏#0248說:!disable
[2021-10-05 19:52:14]Æ星夜Ŧ神氏#0248說:!user
[2021-10-05 20:17:40]Æ星夜Ŧ神氏#0248說:群組
[2021-10-05 20:17:40]꧁༺星夜༒茉莉༻᭄ꦿ࿐#1622說:Æ星夜
[2021-10-05 20:18:09]Æ星夜Ŧ神氏#0248說:更改狀態 Minecraft
[2021-10-05 20:18:20]Æ星夜Ŧ神氏#0248說:更改狀態
[2021-10-05 20:18:54]Æ星夜Ŧ神氏#0248說:更改狀態"Minecraft"
[2021-10-05 20:19:12]Æ星夜Ŧ神氏#0248說:跟我打聲招呼吧
[2021-10-05 20:41:06]Æ星夜Ŧ神氏#0248說:跟我打聲招呼吧
[2021-10-05 20:41:14]Æ星夜Ŧ神氏#0248說:你好
[2021-10-05 20:41:24]Æ星夜Ŧ神氏#0248說:群組
[2021-10-05 20:41:24]꧁༺星夜༒茉莉༻᭄ꦿ࿐#1622說:Æ星夜
