[2021-11-06 22:39:04]Æ檸檬Ŧ紅茶Œ#0248說:<@!561836429408206854>你邀到娛樂型Bot了
[2021-11-06 22:39:10]Æ檸檬Ŧ紅茶Œ#0248說:!help
[2021-11-06 22:39:10]Rythm#3722說:
[2021-11-06 22:44:23]Æ檸檬Ŧ紅茶Œ#0248說:!!join
[2021-11-06 22:44:40]Æ檸檬Ŧ紅茶Œ#0248說:!!play https://www.youtube.com/watch?v=Vp2yn_7Muf8
[2021-11-06 22:44:49]𝑱𝒂𝒔𝒎𝒊𝒏𝒆ఌ#1622說:播放音樂：K.D 翻唱《偏愛和例外》【我到底要怎麼做才能夠被你偏愛...】♫
[2021-11-06 22:45:50]啤酒你大哥#0762說:？
[2021-11-06 22:48:10]𝑱𝒂𝒔𝒎𝒊𝒏𝒆ఌ#1622說:目前沒有音樂了，請加入音樂 :D
[2021-11-09 19:13:51]布丁🍮#5121說:<@!905964302920466472>
[2021-11-09 19:14:48]筠筠#6113說:嗨～
[2021-11-09 19:15:54]筠筠#6113說:這裡嗎
[2021-11-12 22:30:13]布丁🍮#5121說:<@!657914457422299136>
[2021-11-12 22:30:15]布丁🍮#5121說:dcdc
[2021-11-12 22:31:09]DoCare#6229說:累阿
[2021-11-12 22:31:29]布丁🍮#5121說:<@!657914457422299136>
[2021-11-13 01:06:01]啤酒你大哥#0762說:https://youtu.be/xZU2x8McjZ8
[2021-11-13 12:56:08]啤酒你大哥#0762說:靠背我在台中
[2021-11-13 12:56:19]啤酒你大哥#0762說:防彈衣哪裡買？？？
[2021-11-13 13:01:53]布丁🍮#5121說:<@!660752690036342804>
[2021-11-13 13:01:58]布丁🍮#5121說:dcdc
[2021-11-13 13:02:10]啤酒你大哥#0762說:不行啦
[2021-11-13 13:02:17]啤酒你大哥#0762說:公共場合
[2021-11-15 21:29:33]啤酒你大哥#0762說:大後天丁布生日欸
[2021-11-16 00:46:28]布丁🍮#5121說:你要來陪我過生日是嗎www
