[2021-11-06 22:37:27]Æ檸檬Ŧ紅茶Œ#0248說:!!join
[2021-11-06 22:49:14]Æ檸檬Ŧ紅茶Œ#0248說:【機器人加入語音】```!!join```
【播放音樂（加入隊列）】```!!play 音樂網址```
【暫停播放】```!!pause```
【恢復播放】```!!resume```
【跳過這首歌曲】```!!skip```
【查看歌曲隊列】```!!queue```
【讓機器人離開語音頻道（會清空歌曲隊列）】```!!leave```
[2021-11-06 22:49:14]𝑱𝒂𝒔𝒎𝒊𝒏𝒆ఌ#1622說:<@711206445655392377>, 你必須先加入語音頻道
[2021-11-06 22:49:44]Æ檸檬Ŧ紅茶Œ#0248說:!!join
[2021-11-06 22:49:59]Æ檸檬Ŧ紅茶Œ#0248說:!!play https://www.youtube.com/watch?v=bWmo_SGP9FI
[2021-11-06 22:50:02]𝑱𝒂𝒔𝒎𝒊𝒏𝒆ఌ#1622說:播放音樂：【S.C NightCore】你從不知道
[2021-11-06 22:50:32]Æ檸檬Ŧ紅茶Œ#0248說:!!queue
[2021-11-06 22:50:32]𝑱𝒂𝒔𝒎𝒊𝒏𝒆ఌ#1622說:目前隊列中沒有歌曲
[2021-11-06 22:50:52]Æ檸檬Ŧ紅茶Œ#0248說:!!play https://www.youtube.com/watch?v=8yNIpd7aBE8
[2021-11-06 22:50:53]𝑱𝒂𝒔𝒎𝒊𝒏𝒆ఌ#1622說:歌曲加入隊列：「Nightcore」→ 下墜Falling - (Lyrics)
[2021-11-06 22:53:25]𝑱𝒂𝒔𝒎𝒊𝒏𝒆ఌ#1622說:播放音樂：「Nightcore」→ 下墜Falling - (Lyrics)
[2021-11-06 22:54:15]Æ檸檬Ŧ紅茶Œ#0248說:!!play https://www.youtube.com/watch?v=XVNNUnI-BvY
[2021-11-06 22:54:17]𝑱𝒂𝒔𝒎𝒊𝒏𝒆ఌ#1622說:歌曲加入隊列：柯柯柯啊 - 画离弦 (完整版)『你抚琵琶奏琴弦，我坐戏子楼台前。』【动态歌词】抖音 翻唱
[2021-11-06 22:56:08]Æ檸檬Ŧ紅茶Œ#0248說:!!play https://www.youtube.com/watch?v=j0ZWLSczWzo
[2021-11-06 22:56:09]𝑱𝒂𝒔𝒎𝒊𝒏𝒆ఌ#1622說:歌曲加入隊列：DaDaDa (Да да да) | Nhạc gây nghiện trên Tiktok Trung Quốc | Douyin Music
[2021-11-06 22:56:21]Æ檸檬Ŧ紅茶Œ#0248說:!!play https://www.youtube.com/watch?v=-c6Cu4IaF6c
[2021-11-06 22:56:22]𝑱𝒂𝒔𝒎𝒊𝒏𝒆ఌ#1622說:歌曲加入隊列：「Nightcore」→ 22秒 - (Lyrics)
[2021-11-06 22:56:33]Æ檸檬Ŧ紅茶Œ#0248說:!!queue
[2021-11-06 22:56:33]𝑱𝒂𝒔𝒎𝒊𝒏𝒆ఌ#1622說:[1] 柯柯柯啊 - 画离弦 (完整版)『你抚琵琶奏琴弦，我坐戏子楼台前。』【动态歌词】抖音 翻唱,[2] DaDaDa (Да да да) | Nhạc gây nghiện trên Tiktok Trung Quốc | Douyin Music,[3] 「Nightcore」→ 22秒 - (Lyrics)
[2021-11-06 22:56:45]𝑱𝒂𝒔𝒎𝒊𝒏𝒆ఌ#1622說:播放音樂：柯柯柯啊 - 画离弦 (完整版)『你抚琵琶奏琴弦，我坐戏子楼台前。』【动态歌词】抖音 翻唱
[2021-11-06 22:56:57]Æ檸檬Ŧ紅茶Œ#0248說:!!skip
[2021-11-06 22:56:57]𝑱𝒂𝒔𝒎𝒊𝒏𝒆ఌ#1622說:跳過目前歌曲
[2021-11-06 22:56:59]𝑱𝒂𝒔𝒎𝒊𝒏𝒆ఌ#1622說:播放音樂：DaDaDa (Да да да) | Nhạc gây nghiện trên Tiktok Trung Quốc | Douyin Music
[2021-11-06 22:59:59]Æ檸檬Ŧ紅茶Œ#0248說:!!skip
[2021-11-06 22:59:59]𝑱𝒂𝒔𝒎𝒊𝒏𝒆ఌ#1622說:跳過目前歌曲
[2021-11-06 23:00:01]𝑱𝒂𝒔𝒎𝒊𝒏𝒆ఌ#1622說:播放音樂：「Nightcore」→ 22秒 - (Lyrics)
[2021-11-06 23:02:32]𝑱𝒂𝒔𝒎𝒊𝒏𝒆ఌ#1622說:目前沒有音樂了，請加入音樂 :D
[2021-11-06 23:02:44]Æ檸檬Ŧ紅茶Œ#0248說:!!leave
[2021-11-06 23:05:15]Æ檸檬Ŧ紅茶Œ#0248說:!clear 5
[2021-11-06 23:05:15]Rythm#3722說:
[2021-11-07 11:56:58]布丁🍮#5121說:!!p 年歲
[2021-11-07 11:57:19]布丁🍮#5121說:!!join
[2021-11-07 11:57:48]布丁🍮#5121說:!!p 年歲
[2021-11-07 11:59:23]Æ檸檬Ŧ紅茶Œ#0248說:!!join
[2021-11-07 22:18:45]Æ檸檬Ŧ紅茶Œ#0248說:!!join
[2021-11-07 22:18:58]Æ檸檬Ŧ紅茶Œ#0248說:!!leave
