[2021-10-30 19:07:59]Æ檸檬Ŧ紅茶Œ#0248說:!help
[2021-10-30 19:08:09]Æ檸檬Ŧ紅茶Œ#0248說:!user
[2021-10-30 19:09:28]Æ檸檬Ŧ紅茶Œ#0248說:!help calc
[2021-10-30 19:09:48]Æ檸檬Ŧ紅茶Œ#0248說:!calc 1+20
[2021-10-30 19:10:00]Æ檸檬Ŧ紅茶Œ#0248說:!clear
[2021-10-30 19:10:07]Æ檸檬Ŧ紅茶Œ#0248說:!clear 30
[2021-10-30 20:03:06]Æ檸檬Ŧ紅茶Œ#0248說:!help
[2021-10-30 20:03:58]澤宇#1884說:這要幹嘛
[2021-10-30 20:04:06]Æ檸檬Ŧ紅茶Œ#0248說:你可以試試看
[2021-10-30 20:04:13]Æ檸檬Ŧ紅茶Œ#0248說:要加！
[2021-10-30 20:04:14]澤宇#1884說:我回家再試
[2021-10-30 20:04:20]Æ檸檬Ŧ紅茶Œ#0248說:好窩
[2021-10-30 20:04:29]Æ檸檬Ŧ紅茶Œ#0248說:啊你不是在抓魚
[2021-10-30 20:04:40]Æ檸檬Ŧ紅茶Œ#0248說:怎麼有時間看
[2021-10-30 20:14:27]澤宇#1884說:要錢嗎？
[2021-10-30 20:14:55]澤宇#1884說:看不懂的我不敢亂用
[2021-10-30 20:14:59]澤宇#1884說:算了🤣
[2021-10-30 20:15:00]Æ檸檬Ŧ紅茶Œ#0248說:為什麼要錢
[2021-10-30 20:15:22]Æ檸檬Ŧ紅茶Œ#0248說:從Github下載開源過的
[2021-10-30 20:15:23]澤宇#1884說:我可以看手機啊
[2021-10-30 20:15:40]澤宇#1884說:但你會用這個很厲害欸
[2021-10-30 20:15:46]Æ檸檬Ŧ紅茶Œ#0248說:也還好
[2021-10-30 20:15:57]Æ檸檬Ŧ紅茶Œ#0248說:我只會開源而已
[2021-10-30 20:16:10]澤宇#1884說:就不能接受我的誇獎嗎
[2021-10-30 20:16:15]澤宇#1884說:因為我自己不會啊
[2021-10-30 20:16:17]Æ檸檬Ŧ紅茶Œ#0248說:而且還只會Python
[2021-10-30 20:16:19]澤宇#1884說:我覺得很厲害啊
[2021-10-30 20:16:32]Æ檸檬Ŧ紅茶Œ#0248說:我不能謙虛ㄇ
[2021-10-30 20:16:37]澤宇#1884說:不能
[2021-10-30 20:16:55]Æ檸檬Ŧ紅茶Œ#0248說:我來刪紀錄
[2021-10-30 20:17:19]Æ檸檬Ŧ紅茶Œ#0248說:你要看嗎
[2021-10-30 20:17:27]Æ檸檬Ŧ紅茶Œ#0248說:回答
[2021-10-30 20:49:27]澤宇#1884說:刪紀錄？
[2021-10-30 20:49:29]澤宇#1884說:什麼
[2021-10-30 20:53:37]Æ檸檬Ŧ紅茶Œ#0248說:這裡的紀錄
[2021-10-30 21:08:47]Æ檸檬Ŧ紅茶Œ#0248說:!clear
[2021-10-30 21:08:57]Æ檸檬Ŧ紅茶Œ#0248說:!clear 100
[2021-11-04 21:42:29]Æ檸檬Ŧ紅茶Œ#0248說:!!join
[2021-11-04 21:42:42]Æ檸檬Ŧ紅茶Œ#0248說:!!play https://www.youtube.com/watch?v=6jp8L2o_y3A
[2021-11-04 21:42:51]𝑱𝒂𝒔𝒎𝒊𝒏𝒆ఌ#1622說:播放音樂：「Nightcore」→ 星星的眼淚 - (Lyrics)
[2021-11-04 21:44:26]Æ檸檬Ŧ紅茶Œ#0248說:!!leave
[2021-11-04 21:45:00]Æ檸檬Ŧ紅茶Œ#0248說:!clear 50
[2021-11-04 21:51:59]Æ檸檬Ŧ紅茶Œ#0248說:!!join
[2021-11-04 21:57:58]Æ檸檬Ŧ紅茶Œ#0248說:!!join
[2021-11-04 21:58:18]Æ檸檬Ŧ紅茶Œ#0248說:!!join
[2021-11-04 21:58:28]Æ檸檬Ŧ紅茶Œ#0248說:!clear 20
[2021-11-04 22:14:13]Æ檸檬Ŧ紅茶Œ#0248說:__1____
[2021-11-04 22:14:23]Æ檸檬Ŧ紅茶Œ#0248說:--1--
[2021-11-04 22:15:05]Æ檸檬Ŧ紅茶Œ#0248說:https://discord.com/api/oauth2/authorize?client_id=805380189533241374&permissions=8&scope=bot
https://discord.com/api/oauth2/authorize?client_id=884379180257640498&permissions=8&scope=bot
[2021-11-04 23:27:16]Æ檸檬Ŧ紅茶Œ#0248說:!!play 22秒
[2021-11-04 23:27:16]𝑱𝒂𝒔𝒎𝒊𝒏𝒆ఌ#1622說:<@711206445655392377>, 你必須先加入語音頻道
[2021-11-04 23:27:51]Æ檸檬Ŧ紅茶Œ#0248說:!!play 22秒
[2021-11-04 23:27:51]𝑱𝒂𝒔𝒎𝒊𝒏𝒆ఌ#1622說:<@711206445655392377>, 你必須先加入語音頻道
[2021-11-04 23:28:24]Æ檸檬Ŧ紅茶Œ#0248說:!!join
[2021-11-04 23:28:37]Æ檸檬Ŧ紅茶Œ#0248說:!!play 22秒
[2021-11-04 23:28:57]Æ檸檬Ŧ紅茶Œ#0248說:!!leave
[2021-11-04 23:29:00]澤宇#1884說:什麼
[2021-11-04 23:29:13]Æ檸檬Ŧ紅茶Œ#0248說:你加入語音看看
[2021-11-04 23:29:14]澤宇#1884說:我都要睡了
[2021-11-04 23:29:28]Æ檸檬Ŧ紅茶Œ#0248說:...
[2021-11-04 23:29:47]Æ檸檬Ŧ紅茶Œ#0248說:||幹||
[2021-11-04 23:29:59]澤宇#1884說:我是要上班的人
[2021-11-04 23:30:00]Æ檸檬Ŧ紅茶Œ#0248說:||嘛這樣||
[2021-11-04 23:30:07]澤宇#1884說:我進來了 然後呢
[2021-11-04 23:30:18]Æ檸檬Ŧ紅茶Œ#0248說:!!join
[2021-11-04 23:30:18]𝑱𝒂𝒔𝒎𝒊𝒏𝒆ఌ#1622說:請先進入語音頻道
[2021-11-04 23:30:33]Æ檸檬Ŧ紅茶Œ#0248說:你打這個
[2021-11-04 23:30:59]澤宇#1884說:!!join
[2021-11-04 23:31:19]Æ檸檬Ŧ紅茶Œ#0248說:!!play 22秒
[2021-11-04 23:31:19]𝑱𝒂𝒔𝒎𝒊𝒏𝒆ఌ#1622說:<@711206445655392377>, 你必須先加入語音頻道
[2021-11-04 23:31:45]澤宇#1884說:!!play 22秒
[2021-11-04 23:32:01]澤宇#1884說:什麼
[2021-11-04 23:32:08]Æ檸檬Ŧ紅茶Œ#0248說:然後他等等就會撥音樂了
[2021-11-04 23:32:25]澤宇#1884說:沒有
[2021-11-04 23:32:45]澤宇#1884說:沒有聲音
[2021-11-04 23:32:56]Æ檸檬Ŧ紅茶Œ#0248說:明天再用好了
[2021-11-04 23:33:08]澤宇#1884說:你都在研究這些哦
[2021-11-04 23:33:11]Æ檸檬Ŧ紅茶Œ#0248說:我也想睡了
[2021-11-04 23:33:22]Æ檸檬Ŧ紅茶Œ#0248說:業餘der
[2021-11-04 23:33:33]Æ檸檬Ŧ紅茶Œ#0248說:!!leave
[2021-11-04 23:33:46]澤宇#1884說:你很厲害
[2021-11-04 23:34:12]Æ檸檬Ŧ紅茶Œ#0248說:(◕ᴗ◕✿)
[2021-11-04 23:34:22]Æ檸檬Ŧ紅茶Œ#0248說:!clear 80
[2021-11-04 23:34:46]澤宇#1884說:😂
[2021-11-04 23:34:50]Æ檸檬Ŧ紅茶Œ#0248說:笑鼠
[2021-11-04 23:35:03]澤宇#1884說:這麼專業
[2021-11-04 23:35:27]澤宇#1884說:晚安 美男子
[2021-11-04 23:37:02]Æ檸檬Ŧ紅茶Œ#0248說:我知道我很美謝謝
[2021-11-04 23:37:10]Æ檸檬Ŧ紅茶Œ#0248說:晚安
[2021-11-05 06:27:34]Æ檸檬Ŧ紅茶Œ#0248說:!help
[2021-11-05 06:29:08]Æ檸檬Ŧ紅茶Œ#0248說:!user
[2021-11-05 06:29:28]Æ檸檬Ŧ紅茶Œ#0248說:!avatar
[2021-11-05 06:29:46]Æ檸檬Ŧ紅茶Œ#0248說:!help avatar
[2021-11-05 06:30:04]Æ檸檬Ŧ紅茶Œ#0248說:!avatar 884379180257640498
[2021-11-05 06:30:16]澤宇#1884說:這麼早起
[2021-11-05 06:30:24]Æ檸檬Ŧ紅茶Œ#0248說:!clear 50
[2021-11-06 15:04:03]Æ檸檬Ŧ紅茶Œ#0248說:!help
[2021-11-06 15:04:03]𝑹𝒐𝒔𝒆❁#8217說:
[2021-11-06 15:04:13]Æ檸檬Ŧ紅茶Œ#0248說:!clear
[2021-11-06 15:04:13]𝑹𝒐𝒔𝒆❁#8217說:
[2021-11-06 15:04:26]Æ檸檬Ŧ紅茶Œ#0248說:!clear 50
[2021-11-06 15:04:26]𝑹𝒐𝒔𝒆❁#8217說:
[2021-11-06 15:08:27]Æ檸檬Ŧ紅茶Œ#0248說:!help
[2021-11-06 15:08:28]𝑹𝒐𝒔𝒆❁#8217說:
[2021-11-06 15:10:26]Æ檸檬Ŧ紅茶Œ#0248說:!invite
[2021-11-06 15:10:26]𝑹𝒐𝒔𝒆❁#8217說:
[2021-11-06 15:11:08]Æ檸檬Ŧ紅茶Œ#0248說:!play https://www.youtube.com/watch?v=aI0tsIjNtmY
[2021-11-06 15:11:29]Æ檸檬Ŧ紅茶Œ#0248說:!play on my way
[2021-11-06 15:16:14]Æ檸檬Ŧ紅茶Œ#0248說:!p on my way
[2021-11-06 15:25:42]Æ檸檬Ŧ紅茶Œ#0248說:!avatar 805778083093282816
[2021-11-06 15:25:50]Æ檸檬Ŧ紅茶Œ#0248說:!clear 50
[2021-11-06 22:47:52]Æ檸檬Ŧ紅茶Œ#0248說:【機器人加入語音】```!!join```
【播放音樂（加入隊列）】```!!play 音樂網址```
【暫停播放】```!!pause```
【恢復播放】```!!resume```
【跳過這首歌曲】```!!skip```
【查看歌曲隊列】```!!queue```
【讓機器人離開語音頻道（會清空歌曲隊列）】```!!leave```
[2021-11-06 22:47:52]𝑱𝒂𝒔𝒎𝒊𝒏𝒆ఌ#1622說:<@711206445655392377>, 你必須先加入語音頻道
[2021-11-06 23:19:44]Æ檸檬Ŧ紅茶Œ#0248說:!clear 10
[2021-11-06 23:26:17]Æ檸檬Ŧ紅茶Œ#0248說:<@!805778083093282816>```Create account time:``` * Mon, 01 Feb 2021 12:34:25 UTC*
[2021-11-07 00:30:02]Æ檸檬Ŧ紅茶Œ#0248說:大哥我有
[2021-11-07 00:30:11]澤宇#1884說:什麼
[2021-11-07 00:30:33]澤宇#1884說:這是什麼
[2021-11-07 00:30:48]澤宇#1884說:我有看到這個
[2021-11-07 00:30:50]澤宇#1884說:我看不懂
[2021-11-07 00:30:51]Æ檸檬Ŧ紅茶Œ#0248說:創建帳號的時間
[2021-11-07 00:30:54]澤宇#1884說:我就沒理了
[2021-11-07 00:31:26]澤宇#1884說:不要生氣欸
[2021-11-07 00:31:31]澤宇#1884說:我看不懂
[2021-11-07 00:31:34]澤宇#1884說:不是不理你
[2021-11-07 00:31:44]Æ檸檬Ŧ紅茶Œ#0248說:好窩
[2021-11-07 00:31:53]澤宇#1884說:嗯嗯
[2021-11-07 00:31:58]澤宇#1884說:那我睡覺囉
[2021-11-07 00:32:10]澤宇#1884說:有什麼事明天在和我說
[2021-11-07 00:32:23]澤宇#1884說:晚安
[2021-11-07 00:32:26]澤宇#1884說:天神
[2021-11-07 00:32:35]Æ檸檬Ŧ紅茶Œ#0248說:https://tenor.com/view/wu-xin-go-away-gif-10787874
[2021-11-07 00:32:48]澤宇#1884說:哈哈
[2021-11-07 00:32:56]澤宇#1884說:笑著趕我走
[2021-11-07 00:32:59]澤宇#1884說:也是可以
[2021-11-07 00:33:09]澤宇#1884說:晚安晚安
[2021-11-07 00:33:42]Æ檸檬Ŧ紅茶Œ#0248說:^^🖕
[2021-11-07 00:34:01]Æ檸檬Ŧ紅茶Œ#0248說:!clear 50
[2021-11-07 02:03:42]Æ檸檬Ŧ紅茶Œ#0248說:!help
[2021-11-07 02:03:51]Æ檸檬Ŧ紅茶Œ#0248說:!ping
[2021-11-07 02:04:05]Æ檸檬Ŧ紅茶Œ#0248說:!orb
[2021-11-07 02:04:13]Æ檸檬Ŧ紅茶Œ#0248說:!help ccc
[2021-11-07 02:04:31]Æ檸檬Ŧ紅茶Œ#0248說:!ccc 80 5 100
[2021-11-07 02:04:50]Æ檸檬Ŧ紅茶Œ#0248說:!earth
[2021-11-07 02:05:03]Æ檸檬Ŧ紅茶Œ#0248說:!clear 80
[2021-11-07 12:00:08]Æ檸檬Ŧ紅茶Œ#0248說:!!join
[2021-11-07 12:00:22]Æ檸檬Ŧ紅茶Œ#0248說:!!play https://www.youtube.com/watch?v=nZ4xHf2JUIU
[2021-11-07 12:00:24]𝑱𝒂𝒔𝒎𝒊𝒏𝒆ఌ#1622說:播放音樂：「Nightcore」→ 靜悄悄 - (Lyrics)
[2021-11-07 12:02:25]Æ檸檬Ŧ紅茶Œ#0248說:!!skpi
[2021-11-07 12:02:29]Æ檸檬Ŧ紅茶Œ#0248說:!!skip
[2021-11-07 12:02:30]𝑱𝒂𝒔𝒎𝒊𝒏𝒆ఌ#1622說:跳過目前歌曲
[2021-11-07 12:02:30]𝑱𝒂𝒔𝒎𝒊𝒏𝒆ఌ#1622說:目前沒有音樂了，請加入音樂 :D
[2021-11-07 12:02:34]Æ檸檬Ŧ紅茶Œ#0248說:!!leave
[2021-11-07 12:02:47]Æ檸檬Ŧ紅茶Œ#0248說:!!clear 5
[2021-11-07 12:02:59]Æ檸檬Ŧ紅茶Œ#0248說:!clear 5
[2021-11-07 12:03:10]Æ檸檬Ŧ紅茶Œ#0248說:!clear 6
[2021-11-07 16:55:44]𝑴𝒊𝒏𝒕𑁍#8740說:
[2021-11-07 17:16:24]澤宇#1884說:這麼多機器人
[2021-11-07 17:16:34]澤宇#1884說:每一個機器人 用處都不一樣就是了
[2021-11-07 17:21:41]Æ檸檬Ŧ紅茶Œ#0248說:嘿對
[2021-11-07 18:00:38]Æ檸檬Ŧ紅茶Œ#0248說:!!join
[2021-11-07 18:12:51]Æ檸檬Ŧ紅茶Œ#0248說:!!leave
[2021-11-07 18:24:33]澤宇#1884說:原來
[2021-11-07 18:24:49]澤宇#1884說:你很努力的在用這個欸
[2021-11-07 18:24:59]澤宇#1884說:加油欸
[2021-11-07 18:25:16]Æ檸檬Ŧ紅茶Œ#0248說:很累诶
[2021-11-07 18:25:26]澤宇#1884說:我知道啊
[2021-11-07 18:25:29]澤宇#1884說:所以加油
[2021-11-07 18:25:38]澤宇#1884說:我什麼都不會
[2021-11-07 18:25:40]澤宇#1884說:😆
[2021-11-07 18:25:57]Æ檸檬Ŧ紅茶Œ#0248說:https://tenor.com/view/dont-be-jealous-im-beautiful-my-beauty-are-you-jelly-jealous-gif-11886705
[2021-11-07 18:26:19]澤宇#1884說:我欣賞
[2021-11-07 18:26:24]澤宇#1884說:我要去吃飯了
[2021-11-07 18:26:27]澤宇#1884說:你吃了沒
[2021-11-07 18:26:33]澤宇#1884說:先去吃飯
[2021-11-07 18:26:34]Æ檸檬Ŧ紅茶Œ#0248說:https://tenor.com/view/jealous-arrogant-narcissist-gif-12743615
[2021-11-07 18:26:48]澤宇#1884說:嘿 對啊
[2021-11-07 18:26:49]澤宇#1884說:哈哈
[2021-11-07 18:27:02]澤宇#1884說:https://tenor.com/view/%E6%98%AF%E7%9A%84-%E6%B2%A1%E9%94%99-correct-youre-right-nod-gif-12884055
[2021-11-07 18:27:10]Æ檸檬Ŧ紅茶Œ#0248說:https://tenor.com/view/get-outta-here-get-out-leave-bye-sucker-ultraman-gif-11935622
[2021-11-07 18:27:24]澤宇#1884說:我要去吃飯配蠟筆小新
[2021-11-07 18:27:26]澤宇#1884說:😍
[2021-11-07 18:27:40]Æ檸檬Ŧ紅茶Œ#0248說:https://tenor.com/view/%E5%99%81%E7%94%B7-gif-20721151
[2021-11-07 22:12:07]Æ檸檬Ŧ紅茶Œ#0248說:!!join
[2021-11-07 22:15:49]Æ檸檬Ŧ紅茶Œ#0248說:!!play https://www.youtube.com/watch?v=uLsycA9fKXc
[2021-11-07 22:16:01]𝑴𝒊𝒏𝒕𑁍#8740說:播放音樂：劉大壯 - 後來（Cover劉若英）（翻自 劉若英） 『後來終於在眼淚中明白』【動態歌詞Lyrics】
[2021-11-07 22:16:59]Æ檸檬Ŧ紅茶Œ#0248說:!!play https://www.youtube.com/watch?v=3dDyoPVyZ08
[2021-11-07 22:17:00]𝑴𝒊𝒏𝒕𑁍#8740說:歌曲加入隊列：Rown - 夜空中最亮的星「 從未聽過那麼好聽的聲音」/ 高清版 ♪Karendaidai♪
[2021-11-07 22:17:10]Æ檸檬Ŧ紅茶Œ#0248說:!!skip
[2021-11-07 22:17:11]𝑴𝒊𝒏𝒕𑁍#8740說:跳過目前歌曲
[2021-11-07 22:17:12]𝑴𝒊𝒏𝒕𑁍#8740說:播放音樂：Rown - 夜空中最亮的星「 從未聽過那麼好聽的聲音」/ 高清版 ♪Karendaidai♪
[2021-11-07 22:17:52]Æ檸檬Ŧ紅茶Œ#0248說:!!skip
[2021-11-07 22:17:52]𝑴𝒊𝒏𝒕𑁍#8740說:跳過目前歌曲
[2021-11-07 22:17:52]𝑴𝒊𝒏𝒕𑁍#8740說:目前沒有音樂了，請加入音樂 :D
[2021-11-07 22:17:57]Æ檸檬Ŧ紅茶Œ#0248說:!!leave
[2021-11-07 22:19:22]Æ檸檬Ŧ紅茶Œ#0248說:!!join
[2021-11-07 22:19:32]Æ檸檬Ŧ紅茶Œ#0248說:!!leave
[2021-11-07 22:19:45]Æ檸檬Ŧ紅茶Œ#0248說:!!join
[2021-11-07 22:19:57]Æ檸檬Ŧ紅茶Œ#0248說:!!play https://www.youtube.com/watch?v=3dDyoPVyZ08
[2021-11-07 22:20:00]𝑴𝒊𝒏𝒕𑁍#8740說:播放音樂：Rown - 夜空中最亮的星「 從未聽過那麼好聽的聲音」/ 高清版 ♪Karendaidai♪
[2021-11-07 22:24:20]Æ檸檬Ŧ紅茶Œ#0248說:!clear 20
[2021-11-07 22:24:31]Æ檸檬Ŧ紅茶Œ#0248說:!clear 50
[2021-11-07 22:24:58]𝑴𝒊𝒏𝒕𑁍#8740說:目前沒有音樂了，請加入音樂 :D
[2021-11-07 22:25:13]Æ檸檬Ŧ紅茶Œ#0248說:!!play https://www.youtube.com/watch?v=auP4a9phNT4
[2021-11-07 22:25:16]𝑴𝒊𝒏𝒕𑁍#8740說:播放音樂：「Nightcore」劉瑞琦－給我一首歌的時間《動態歌詞》♪
[2021-11-07 22:28:50]𝑴𝒊𝒏𝒕𑁍#8740說:目前沒有音樂了，請加入音樂 :D
[2021-11-07 22:29:14]Æ檸檬Ŧ紅茶Œ#0248說:!!play https://www.youtube.com/watch?v=mQ0LZsSdk0I
[2021-11-07 22:29:18]𝑴𝒊𝒏𝒕𑁍#8740說:播放音樂：李荣浩 - 爸爸妈妈 (翻唱: 抖音-陈小同）(动态歌词/lyrics video) 爸爸妈妈给我的不少不多
[2021-11-07 22:33:30]Æ檸檬Ŧ紅茶Œ#0248說:<@!805778083093282816>你目前有部分的管理權限了
[2021-11-07 22:33:37]Æ檸檬Ŧ紅茶Œ#0248說:不要亂用诶
[2021-11-07 22:33:54]𝑴𝒊𝒏𝒕𑁍#8740說:目前沒有音樂了，請加入音樂 :D
[2021-11-07 22:34:00]澤宇#1884說:沒事
[2021-11-07 22:34:02]Æ檸檬Ŧ紅茶Œ#0248說:!!leave
[2021-11-07 22:34:05]澤宇#1884說:我不會用
[2021-11-07 22:34:10]Æ檸檬Ŧ紅茶Œ#0248說:?_?
[2021-11-07 22:34:11]澤宇#1884說:我在看影片
[2021-11-07 22:34:24]澤宇#1884說:你繼續 我不會亂用啦
[2021-11-07 22:34:28]Æ檸檬Ŧ紅茶Œ#0248說:還敢看片啊
[2021-11-07 22:34:35]澤宇#1884說:對啊
[2021-11-07 22:34:37]澤宇#1884說:看影片
[2021-11-07 22:34:40]Æ檸檬Ŧ紅茶Œ#0248說:!clear 50
[2021-11-07 22:34:51]Æ檸檬Ŧ紅茶Œ#0248說:YT嗎
[2021-11-07 22:35:28]Æ檸檬Ŧ紅茶Œ#0248說:晚安喔
[2021-11-07 22:35:35]澤宇#1884說:不是
[2021-11-07 22:35:41]澤宇#1884說:在看RM
[2021-11-07 22:35:47]澤宇#1884說:韓國綜藝節目
[2021-11-07 22:35:59]澤宇#1884說:要睡覺了嗎 晚安晚安
[2021-11-07 22:36:05]Æ檸檬Ŧ紅茶Œ#0248說:原來是Running man的部分
[2021-11-07 22:36:09]澤宇#1884說:對啊
[2021-11-07 23:05:33]Æ檸檬Ŧ紅茶Œ#0248說:好看嗎
[2021-11-07 23:17:05]Æ檸檬Ŧ紅茶Œ#0248說:!!join
[2021-11-07 23:17:30]澤宇#1884說:好看
[2021-11-07 23:17:40]澤宇#1884說:你不是要睡覺了嗎
[2021-11-07 23:17:43]Æ檸檬Ŧ紅茶Œ#0248說:!!leave
[2021-11-07 23:17:55]澤宇#1884說:我已經準備要睡了 我頭要炸了
[2021-11-07 23:18:11]Æ檸檬Ŧ紅茶Œ#0248說:晚安喔
[2021-11-07 23:18:21]澤宇#1884說:你趕緊睡覺
[2021-11-07 23:18:25]澤宇#1884說:明天上課
[2021-11-07 23:18:34]Æ檸檬Ŧ紅茶Œ#0248說:歐給喔
[2021-11-07 23:18:41]Æ檸檬Ŧ紅茶Œ#0248說:你也是
[2021-11-07 23:18:53]澤宇#1884說:正在找asmr
[2021-11-07 23:18:53]Æ檸檬Ŧ紅茶Œ#0248說:明天上班
[2021-11-07 23:19:01]澤宇#1884說:我是真的要睡覺了
[2021-11-07 23:19:03]澤宇#1884說:😂
[2021-11-07 23:19:14]Æ檸檬Ŧ紅茶Œ#0248說:啥毀
[2021-11-07 23:19:51]Æ檸檬Ŧ紅茶Œ#0248說:原來這是你的癖好
[2021-11-07 23:20:12]澤宇#1884說:喜歡聽著睡
[2021-11-07 23:20:42]Æ檸檬Ŧ紅茶Œ#0248說:我覺得很不舒胡
[2021-11-07 23:21:06]澤宇#1884說:有很多種
[2021-11-07 23:21:13]澤宇#1884說:你可能沒有找到適合的
[2021-11-07 23:22:14]澤宇#1884說:像我就很喜歡 理髮的
[2021-11-07 23:22:16]澤宇#1884說:https://youtu.be/iztyPilvnbI
[2021-11-07 23:22:27]澤宇#1884說:不能有人聲
[2021-11-07 23:22:32]澤宇#1884說:好啦我要睡覺
[2021-11-08 07:49:06]Æ檸檬Ŧ紅茶Œ#0248說:!earth
[2021-11-08 07:49:11]Æ檸檬Ŧ紅茶Œ#0248說:!orb
[2021-11-08 07:49:35]Æ檸檬Ŧ紅茶Œ#0248說:!help
[2021-11-08 07:49:55]Æ檸檬Ŧ紅茶Œ#0248說:!poe
[2021-11-08 17:43:50]Æ檸檬Ŧ紅茶Œ#0248說:!Deimos
[2021-11-08 17:44:48]Æ檸檬Ŧ紅茶Œ#0248說:!help admin
[2021-11-08 17:45:28]Æ檸檬Ŧ紅茶Œ#0248說:!help setuserid
[2021-11-08 17:46:04]Æ檸檬Ŧ紅茶Œ#0248說:!setuserid 711206445655392377
[2021-11-08 18:45:40]Æ檸檬Ŧ紅茶Œ#0248說:!listmod
[2021-11-08 18:46:09]Æ檸檬Ŧ紅茶Œ#0248說:!reloadlog admin
[2021-11-08 18:46:29]Æ檸檬Ŧ紅茶Œ#0248說:!loglist
[2021-11-08 18:46:49]Æ檸檬Ŧ紅茶Œ#0248說:!loglist
[2021-11-08 18:47:13]Æ檸檬Ŧ紅茶Œ#0248說:!unload ooxx
[2021-11-08 18:47:49]Æ檸檬Ŧ紅茶Œ#0248說:!help cmd
[2021-11-08 18:48:04]Æ檸檬Ŧ紅茶Œ#0248說:!clear 250
[2021-11-08 20:12:40]Æ檸檬Ŧ紅茶Œ#0248說:<@!805778083093282816>
[2021-11-08 20:12:56]澤宇#1884說:還能直播喔
[2021-11-08 20:13:02]澤宇#1884說:😂
[2021-11-08 20:13:58]澤宇#1884說:天啊 我都看不懂
[2021-11-08 20:14:02]澤宇#1884說:你們年輕人
[2021-11-08 20:14:17]Æ檸檬Ŧ紅茶Œ#0248說:笑鼠
[2021-11-08 20:14:33]澤宇#1884說:😂
[2021-11-08 20:14:43]澤宇#1884說:天啊 好亂
[2021-11-08 20:15:15]澤宇#1884說:感覺你就是在工作
[2021-11-08 20:15:22]澤宇#1884說:😆
[2021-11-09 06:26:00]澤宇#1884說:我不太懂你的意思
[2021-11-09 06:26:21]Æ檸檬Ŧ紅茶Œ#0248說:...
[2021-11-09 06:26:30]Æ檸檬Ŧ紅茶Œ#0248說:不懂就算了
[2021-11-09 06:26:38]澤宇#1884說:欸
[2021-11-09 06:26:42]澤宇#1884說:不是
[2021-11-09 06:26:54]澤宇#1884說:你突然說 愛會消失
[2021-11-09 06:28:10]澤宇#1884說:你說説嘛～
[2021-11-09 06:31:52]Æ檸檬Ŧ紅茶Œ#0248說:懶得解釋
[2021-11-09 06:32:00]Æ檸檬Ŧ紅茶Œ#0248說:不懂就算了
[2021-11-09 06:32:13]Æ檸檬Ŧ紅茶Œ#0248說:ಠωಠ👍
[2021-11-09 06:32:18]澤宇#1884說:那你有沒有生氣
[2021-11-09 06:32:50]澤宇#1884說:應為我不懂
[2021-11-09 06:33:29]Æ檸檬Ŧ紅茶Œ#0248說:你猜啊
[2021-11-09 06:33:48]澤宇#1884說:😕
[2021-11-09 06:33:56]澤宇#1884說:有的話 別生氣
[2021-11-09 06:34:04]Æ檸檬Ŧ紅茶Œ#0248說:🙂
[2021-11-09 06:34:32]澤宇#1884說:你是說我對你的愛嗎
[2021-11-09 06:34:38]澤宇#1884說:啊哈哈哈
[2021-11-09 06:46:12]澤宇#1884說:我對你一直都沒變啊
[2021-11-09 07:10:06]澤宇#1884說:欸生氣鬼
[2021-11-09 07:10:25]澤宇#1884說:說話
[2021-11-09 07:10:29]Æ檸檬Ŧ紅茶Œ#0248說:啥小
[2021-11-09 07:10:46]Æ檸檬Ŧ紅茶Œ#0248說:我在搭車大哥
[2021-11-09 07:10:52]澤宇#1884說:好啦
[2021-11-09 07:11:00]澤宇#1884說:那你別看手機了 會頭暈
[2021-11-09 07:11:04]澤宇#1884說:～
[2021-11-09 07:11:19]Æ檸檬Ŧ紅茶Œ#0248說:洗勒靠
[2021-11-09 18:52:49]Æ檸檬Ŧ紅茶Œ#0248說:!clear 80
[2021-11-09 18:53:01]Æ檸檬Ŧ紅茶Œ#0248說:!clear 200
[2021-11-09 19:13:46]筠筠#6113說:
[2021-11-09 19:14:59]筠筠#6113說:
[2021-11-09 19:15:10]Æ檸檬Ŧ紅茶Œ#0248說:我在想
[2021-11-09 19:15:14]Æ檸檬Ŧ紅茶Œ#0248說:要不要
[2021-11-09 19:15:34]Æ檸檬Ŧ紅茶Œ#0248說:經營一個Discord的伺服器
[2021-11-09 19:15:43]筠筠#6113說:不要～
[2021-11-09 19:17:15]Æ檸檬Ŧ紅茶Œ#0248說:https://tenor.com/view/blue-bk-really-gif-15830859
[2021-11-09 21:26:57]ProBot ✨#5803說:
[2021-11-09 21:28:02]Æ檸檬Ŧ紅茶Œ#0248說:#user
[2021-11-09 21:28:02]ProBot ✨#5803說:
[2021-11-09 21:28:38]Æ檸檬Ŧ紅茶Œ#0248說:*profile
[2021-11-09 21:28:40]ProBot ✨#5803說:https://cdn.discordapp.com/attachments/894954612216459265/907622728738144306/profile.png
[2021-11-09 21:28:53]Æ檸檬Ŧ紅茶Œ#0248說:*rank
[2021-11-09 21:28:58]ProBot ✨#5803說:https://cdn.discordapp.com/attachments/894954612216459265/907622802830524456/rank.png
[2021-11-09 21:40:38]ProBot ✨#5803說:<@711206445655392377>，你升等至 **等級1！** 🥳
[2021-11-09 21:42:06]Æ檸檬Ŧ紅茶Œ#0248說:!clear 5
[2021-11-09 21:42:13]Æ檸檬Ŧ紅茶Œ#0248說:!clear 500
[2021-11-10 19:18:23]Æ檸檬Ŧ紅茶Œ#0248說:<@!805778083093282816>可以發邀請到你的伺服器ㄇ
[2021-11-10 19:19:04]澤宇#1884說:什麼東西
[2021-11-10 19:24:39]Æ檸檬Ŧ紅茶Œ#0248說:這個:
https://discord.gg/JNRN9gRBX8
[2021-11-10 19:25:03]澤宇#1884說:你說看他們會不會進來嗎
[2021-11-10 19:25:26]Æ檸檬Ŧ紅茶Œ#0248說:嘿
[2021-11-10 19:25:47]澤宇#1884說:隨你啊
[2021-11-10 19:25:50]澤宇#1884說:沒有關係
[2021-11-10 19:26:00]Æ檸檬Ŧ紅茶Œ#0248說:歐給歐給
[2021-11-10 19:26:07]澤宇#1884說:反正我那個也是聊聊天
[2021-11-10 21:02:14]澤宇#1884說:我關一下通知
[2021-11-10 21:02:19]Æ檸檬Ŧ紅茶Œ#0248說:都上線了
[2021-11-10 21:04:14]檸檬#6324說:歐耶有歌聽了
[2021-11-10 21:05:04]Æ檸檬Ŧ紅茶Œ#0248說:!!join
[2021-11-10 21:05:19]Æ檸檬Ŧ紅茶Œ#0248說:!!play https://www.youtube.com/watch?v=wu7yU-dotMM
[2021-11-10 21:05:29]𝑱𝒂𝒔𝒎𝒊𝒏𝒆ఌ#1622說:播放音樂：2021十月新歌   🎧 三小時無間斷 【無廣告｜動態歌詞Lyrics】自娱自乐,目及皆是你 - 小藍背心,持續更新中 - 六月新歌 第四期 🎧 也可 - 不如, 热爱105°C的你(艾辰) @@@
[2021-11-10 22:09:59]Æ檸檬Ŧ紅茶Œ#0248說:!!play https://www.youtube.com/watch?v=fHKzT-TAGBo
[2021-11-10 22:10:01]𝑱𝒂𝒔𝒎𝒊𝒏𝒆ఌ#1622說:歌曲加入隊列：en - 曲終人亦散『冷風吹花殘，星河無你皆黯淡，浮生唯你是遺憾。』【動態歌詞/Vietsub/Pinyin Lyrics】
[2021-11-10 22:10:04]Æ檸檬Ŧ紅茶Œ#0248說:!!skip
[2021-11-10 22:10:04]𝑱𝒂𝒔𝒎𝒊𝒏𝒆ఌ#1622說:跳過目前歌曲
[2021-11-10 22:10:10]𝑱𝒂𝒔𝒎𝒊𝒏𝒆ఌ#1622說:播放音樂：en - 曲終人亦散『冷風吹花殘，星河無你皆黯淡，浮生唯你是遺憾。』【動態歌詞/Vietsub/Pinyin Lyrics】
[2021-11-10 22:13:35]𝑱𝒂𝒔𝒎𝒊𝒏𝒆ఌ#1622說:目前沒有音樂了，請加入音樂 :D
[2021-11-10 22:15:00]Æ檸檬Ŧ紅茶Œ#0248說:!!play https://twitter.com/SRing0627
[2021-11-10 22:15:20]Æ檸檬Ŧ紅茶Œ#0248說:!!play https://www.youtube.com/watch?v=fHKzT-TAGBo
[2021-11-10 22:15:23]𝑱𝒂𝒔𝒎𝒊𝒏𝒆ఌ#1622說:播放音樂：en - 曲終人亦散『冷風吹花殘，星河無你皆黯淡，浮生唯你是遺憾。』【動態歌詞/Vietsub/Pinyin Lyrics】
[2021-11-10 22:15:24]Æ檸檬Ŧ紅茶Œ#0248說:!!play https://www.youtube.com/watch?v=fHKzT-TAGBo
[2021-11-10 22:15:25]𝑱𝒂𝒔𝒎𝒊𝒏𝒆ఌ#1622說:歌曲加入隊列：en - 曲終人亦散『冷風吹花殘，星河無你皆黯淡，浮生唯你是遺憾。』【動態歌詞/Vietsub/Pinyin Lyrics】
[2021-11-10 22:15:26]Æ檸檬Ŧ紅茶Œ#0248說:!!play https://www.youtube.com/watch?v=fHKzT-TAGBo
[2021-11-10 22:15:28]𝑱𝒂𝒔𝒎𝒊𝒏𝒆ఌ#1622說:歌曲加入隊列：en - 曲終人亦散『冷風吹花殘，星河無你皆黯淡，浮生唯你是遺憾。』【動態歌詞/Vietsub/Pinyin Lyrics】
[2021-11-10 22:15:29]Æ檸檬Ŧ紅茶Œ#0248說:!!play https://www.youtube.com/watch?v=fHKzT-TAGBo
[2021-11-10 22:15:30]𝑱𝒂𝒔𝒎𝒊𝒏𝒆ఌ#1622說:歌曲加入隊列：en - 曲終人亦散『冷風吹花殘，星河無你皆黯淡，浮生唯你是遺憾。』【動態歌詞/Vietsub/Pinyin Lyrics】
[2021-11-10 22:15:31]Æ檸檬Ŧ紅茶Œ#0248說:!!play https://www.youtube.com/watch?v=fHKzT-TAGBo
[2021-11-10 22:15:32]𝑱𝒂𝒔𝒎𝒊𝒏𝒆ఌ#1622說:歌曲加入隊列：en - 曲終人亦散『冷風吹花殘，星河無你皆黯淡，浮生唯你是遺憾。』【動態歌詞/Vietsub/Pinyin Lyrics】
[2021-11-10 22:15:34]Æ檸檬Ŧ紅茶Œ#0248說:!!play https://www.youtube.com/watch?v=fHKzT-TAGBo
[2021-11-10 22:15:35]𝑱𝒂𝒔𝒎𝒊𝒏𝒆ఌ#1622說:歌曲加入隊列：en - 曲終人亦散『冷風吹花殘，星河無你皆黯淡，浮生唯你是遺憾。』【動態歌詞/Vietsub/Pinyin Lyrics】
[2021-11-10 22:15:35]Æ檸檬Ŧ紅茶Œ#0248說:!!play https://www.youtube.com/watch?v=fHKzT-TAGBo
[2021-11-10 22:15:37]𝑱𝒂𝒔𝒎𝒊𝒏𝒆ఌ#1622說:歌曲加入隊列：en - 曲終人亦散『冷風吹花殘，星河無你皆黯淡，浮生唯你是遺憾。』【動態歌詞/Vietsub/Pinyin Lyrics】
[2021-11-10 22:15:39]Æ檸檬Ŧ紅茶Œ#0248說:!!play https://www.youtube.com/watch?v=fHKzT-TAGBo
[2021-11-10 22:15:40]𝑱𝒂𝒔𝒎𝒊𝒏𝒆ఌ#1622說:歌曲加入隊列：en - 曲終人亦散『冷風吹花殘，星河無你皆黯淡，浮生唯你是遺憾。』【動態歌詞/Vietsub/Pinyin Lyrics】
[2021-11-10 22:16:08]Æ檸檬Ŧ紅茶Œ#0248說:!clear 20
[2021-11-10 22:16:23]Æ檸檬Ŧ紅茶Œ#0248說:!clear 6
[2021-11-10 22:18:50]𝑱𝒂𝒔𝒎𝒊𝒏𝒆ఌ#1622說:播放音樂：en - 曲終人亦散『冷風吹花殘，星河無你皆黯淡，浮生唯你是遺憾。』【動態歌詞/Vietsub/Pinyin Lyrics】
[2021-11-11 00:15:05]澤宇#1884說:天神出來面對
[2021-11-11 07:02:23]Æ檸檬Ŧ紅茶Œ#0248說:供啥小朋友
[2021-11-11 07:05:37]澤宇#1884說:😆
[2021-11-14 14:06:33]𝑺𝒕𝒂𝒓𝒓𝒚𝒏𝒊𝒈𝒉𝒕#8848說:Logging Started!
[2021-11-14 14:06:34]𝑺𝒕𝒂𝒓𝒓𝒚𝒏𝒊𝒈𝒉𝒕#8848說:Something went wrong!!! 
 ``` 
undefined 
 403 - {"reason":"accessDenied.invalidIp","message":"Invalid authorization: API key does not allow access from IP 180.218.253.221"} 
 ```
[2021-11-14 14:07:56]𝑺𝒕𝒂𝒓𝒓𝒚𝒏𝒊𝒈𝒉𝒕#8848說:Logging Started!
[2021-11-14 14:07:57]𝑺𝒕𝒂𝒓𝒓𝒚𝒏𝒊𝒈𝒉𝒕#8848說:Something went wrong!!! 
 ``` 
undefined 
 404 - {"reason":"notFound","message":"Not found with tag 8848"} 
 ```
[2021-11-14 14:08:39]𝑺𝒕𝒂𝒓𝒓𝒚𝒏𝒊𝒈𝒉𝒕#8848說:Logging Started!
[2021-11-14 14:08:40]𝑺𝒕𝒂𝒓𝒓𝒚𝒏𝒊𝒈𝒉𝒕#8848說:Something went wrong!!! 
 ``` 
undefined 
 404 - {"reason":"notFound"} 
 ```
[2021-11-14 14:10:21]𝑺𝒕𝒂𝒓𝒓𝒚𝒏𝒊𝒈𝒉𝒕#8848說:Logging Started!
[2021-11-14 14:10:21]𝑺𝒕𝒂𝒓𝒓𝒚𝒏𝒊𝒈𝒉𝒕#8848說:Something went wrong!!! 
 ``` 
undefined 
 TypeError [ERR_UNESCAPED_CHARACTERS]: Request path contains unescaped characters 
 ```
[2021-11-14 14:11:15]𝑮𝒓𝒂𝒄𝒊𝒂𝒔 • 天神𓂀#0248說:!clear 12
[2021-11-14 15:00:58]𝑮𝒓𝒂𝒄𝒊𝒂𝒔 • 天神𓂀#0248說:!help
[2021-11-14 15:01:51]𝑮𝒓𝒂𝒄𝒊𝒂𝒔 • 天神𓂀#0248說:!ping
[2021-11-14 15:18:27]𝑮𝒓𝒂𝒄𝒊𝒂𝒔 • 天神𓂀#0248說:!clear 5
[2021-11-14 23:19:50]𝑮𝒓𝒂𝒄𝒊𝒂𝒔 • 天神𓂀#0248說:<@805778083093282816>
[2021-11-14 23:22:08]𝑮𝒓𝒂𝒄𝒊𝒂𝒔 • 天神𓂀#0248說:好啊，大家都這樣啊
[2021-11-14 23:22:18]𝑮𝒓𝒂𝒄𝒊𝒂𝒔 • 天神𓂀#0248說:都不說話的
[2021-11-14 23:22:27]澤宇#1884說:抱歉
[2021-11-14 23:23:20]𝑮𝒓𝒂𝒄𝒊𝒂𝒔 • 天神𓂀#0248說:馬的勒幹
[2021-11-14 23:23:48]𝑮𝒓𝒂𝒄𝒊𝒂𝒔 • 天神𓂀#0248說:全世界都要跟我作對一樣
[2021-11-14 23:23:59]𝑮𝒓𝒂𝒄𝒊𝒂𝒔 • 天神𓂀#0248說:煩死了
[2021-11-14 23:31:04]𝑮𝒓𝒂𝒄𝒊𝒂𝒔 • 天神𓂀#0248說:!clear 200
[2021-11-21 14:10:52]𝑺𝒕𝒂𝒓𝒓𝒚𝒏𝒊𝒈𝒉𝒕#8848說:None Checkin complete at: 2021-11-21 06:10:51.081000
[2021-11-21 14:11:24]𝑺𝒕𝒂𝒓𝒓𝒚𝒏𝒊𝒈𝒉𝒕#8848說:None Checkout complete at: 2021-11-21 06:11:23.245000 enjoy the rest of your day
[2021-11-21 14:11:44]𝑮𝒓𝒂𝒄𝒊𝒂𝒔 • 天神𓂀#0248說:!clear 2
[2021-11-28 15:32:44]𝑮𝒓𝒂𝒄𝒊𝒂𝒔 • 天神𓂀#0248說:Test
[2021-11-28 15:34:33]𝑮𝒓𝒂𝒄𝒊𝒂𝒔 • 天神𓂀#0248說:Test
[2021-11-28 15:35:04]𝑮𝒓𝒂𝒄𝒊𝒂𝒔 • 天神𓂀#0248說:Successfully !
[2021-11-28 15:42:59]𝑮𝒓𝒂𝒄𝒊𝒂𝒔 • 天神𓂀#0248說:test
[2021-11-28 15:50:44]𝑮𝒓𝒂𝒄𝒊𝒂𝒔 • 天神𓂀#0248說:!clear 5
[2021-11-28 16:06:29]𝑮𝒓𝒂𝒄𝒊𝒂𝒔 • 天神𓂀#0248說:/discohook
