[2021-11-10 19:18:23]ProBot тЬи#5803шкк:<@711206445655392377>я╝Мф╜ахНЗчнЙшЗ│ **чнЙч┤Ъ2я╝Б** ЁЯе│
[2021-11-10 21:04:15]ProBot тЬи#5803шкк:<@897831270250328085>я╝Мф╜ахНЗчнЙшЗ│ **чнЙч┤Ъ1я╝Б** ЁЯе│
[2021-11-10 21:04:50]ProBot тЬи#0000шкк:
[2021-11-10 21:05:05]ProBot тЬи#0000шкк:
[2021-11-10 22:15:05]ProBot тЬи#0000шкк:
[2021-11-10 22:19:10]ProBot тЬи#0000шкк:
[2021-11-10 22:19:47]ProBot тЬи#5803шкк:<@711206445655392377>я╝Мф╜ахНЗчнЙшЗ│ **чнЙч┤Ъ3я╝Б** ЁЯе│
[2021-11-10 22:21:46]ProBot тЬи#0000шкк:
[2021-11-10 22:21:49]ProBot тЬи#0000шкк:
[2021-11-10 22:22:36]ProBot тЬи#0000шкк:
[2021-11-10 22:22:38]ProBot тЬи#0000шкк:
[2021-11-11 00:12:36]ProBot тЬи#0000шкк:
[2021-11-11 00:12:38]ProBot тЬи#0000шкк:
[2021-11-11 07:05:37]ProBot тЬи#5803шкк:<@805778083093282816>я╝Мф╜ахНЗчнЙшЗ│ **чнЙч┤Ъ2я╝Б** ЁЯе│
[2021-11-13 15:23:31]ProBot тЬи#0000шкк:
[2021-11-13 23:20:42]ProBot тЬи#0000шкк:
[2021-11-13 23:20:44]ProBot тЬи#0000шкк:
[2021-11-14 00:59:29]ЁЭСоЁЭТУЁЭТВЁЭТДЁЭТКЁЭТВЁЭТФ тАв хдйчеЮЁУВА#0248шкк:!clear 80
[2021-11-14 00:59:32]ProBot тЬи#5803шкк:<@711206445655392377>я╝Мф╜ахНЗчнЙшЗ│ **чнЙч┤Ъ4я╝Б** ЁЯе│
[2021-11-14 13:37:02]Generic LoggerBot Webhook Notification#0000шкк:
[2021-11-14 13:37:02]Fatal Error LoggerBot Webhook Notification#0000шкк:
[2021-11-14 13:37:02]Generic LoggerBot Webhook Notification#0000шкк:
[2021-11-14 13:37:03]Generic LoggerBot Webhook Notification#0000шкк:
[2021-11-14 13:37:03]Fatal Error LoggerBot Webhook Notification#0000шкк:
[2021-11-14 13:37:04]Fatal Error LoggerBot Webhook Notification#0000шкк:
[2021-11-14 13:37:04]Generic LoggerBot Webhook Notification#0000шкк:
[2021-11-14 13:37:05]Generic LoggerBot Webhook Notification#0000шкк:
[2021-11-14 13:37:05]Fatal Error LoggerBot Webhook Notification#0000шкк:
[2021-11-14 13:37:05]Fatal Error LoggerBot Webhook Notification#0000шкк:
[2021-11-14 13:37:06]Generic LoggerBot Webhook Notification#0000шкк:
[2021-11-14 13:37:06]Fatal Error LoggerBot Webhook Notification#0000шкк:
[2021-11-14 13:37:06]Fatal Error LoggerBot Webhook Notification#0000шкк:
[2021-11-14 13:37:06]Generic LoggerBot Webhook Notification#0000шкк:
[2021-11-14 13:37:07]Generic LoggerBot Webhook Notification#0000шкк:
[2021-11-14 13:37:21]Fatal Error LoggerBot Webhook Notification#0000шкк:
[2021-11-14 13:37:22]Generic LoggerBot Webhook Notification#0000шкк:
[2021-11-14 13:37:22]Generic LoggerBot Webhook Notification#0000шкк:
[2021-11-14 13:37:22]Fatal Error LoggerBot Webhook Notification#0000шкк:
[2021-11-14 13:37:22]Fatal Error LoggerBot Webhook Notification#0000шкк:
[2021-11-14 13:37:27]Generic LoggerBot Webhook Notification#0000шкк:
[2021-11-14 13:37:27]Fatal Error LoggerBot Webhook Notification#0000шкк:
[2021-11-14 13:37:27]Generic LoggerBot Webhook Notification#0000шкк:
[2021-11-14 13:37:27]Fatal Error LoggerBot Webhook Notification#0000шкк:
[2021-11-14 13:37:28]Fatal Error LoggerBot Webhook Notification#0000шкк:
[2021-11-14 13:37:31]Fatal Error LoggerBot Webhook Notification#0000шкк:
[2021-11-14 13:37:31]Generic LoggerBot Webhook Notification#0000шкк:
[2021-11-14 13:37:32]Fatal Error LoggerBot Webhook Notification#0000шкк:
[2021-11-14 13:37:32]Generic LoggerBot Webhook Notification#0000шкк:
[2021-11-14 13:37:32]Generic LoggerBot Webhook Notification#0000шкк:
[2021-11-14 13:38:47]Generic LoggerBot Webhook Notification#0000шкк:
[2021-11-14 13:38:48]Fatal Error LoggerBot Webhook Notification#0000шкк:
[2021-11-14 13:38:48]Generic LoggerBot Webhook Notification#0000шкк:
[2021-11-14 13:38:48]Generic LoggerBot Webhook Notification#0000шкк:
[2021-11-14 13:38:48]Fatal Error LoggerBot Webhook Notification#0000шкк:
[2021-11-14 13:38:50]Generic LoggerBot Webhook Notification#0000шкк:
[2021-11-14 13:38:50]Fatal Error LoggerBot Webhook Notification#0000шкк:
[2021-11-14 13:38:50]Fatal Error LoggerBot Webhook Notification#0000шкк:
[2021-11-14 13:38:50]Generic LoggerBot Webhook Notification#0000шкк:
[2021-11-14 13:39:05]ЁЭСоЁЭТУЁЭТВЁЭТДЁЭТКЁЭТВЁЭТФ тАв хдйчеЮЁУВА#0248шкк:!clear 100
[2021-11-14 14:11:19]ProBot тЬи#0000шкк:
[2021-11-14 15:26:47]ЁЭСоЁЭТУЁЭТВЁЭТДЁЭТКЁЭТВЁЭТФ тАв хдйчеЮЁУВА#0248шкк:!ccc 100 13 100
[2021-11-14 23:31:15]ProBot тЬи#0000шкк:
[2021-11-14 23:34:00]ProBot тЬи#0000шкк:
[2021-11-14 23:35:17]ProBot тЬи#5803шкк:<@711206445655392377>я╝Мф╜ахНЗчнЙшЗ│ **чнЙч┤Ъ5я╝Б** ЁЯе│
[2021-11-15 19:16:22]ProBot тЬи#0000шкк:
[2021-11-15 19:16:26]ProBot тЬи#0000шкк:
[2021-11-15 19:16:26]ProBot тЬи#0000шкк:
[2021-11-15 19:26:50]ProBot тЬи#0000шкк:
[2021-11-15 19:26:52]ProBot тЬи#0000шкк:
[2021-11-15 19:50:42]ProBot тЬи#0000шкк:
[2021-11-15 19:50:46]ProBot тЬи#0000шкк:
[2021-11-15 23:30:49]ProBot тЬи#0000шкк:
[2021-11-15 23:31:03]ЁЭСоЁЭТУЁЭТВЁЭТДЁЭТКЁЭТВЁЭТФ тАв хдйчеЮЁУВА#0248шкк:!loglist
[2021-11-15 23:31:13]ЁЭСоЁЭТУЁЭТВЁЭТДЁЭТКЁЭТВЁЭТФ тАв хдйчеЮЁУВА#0248шкк:!help
[2021-11-15 23:31:22]ЁЭСоЁЭТУЁЭТВЁЭТДЁЭТКЁЭТВЁЭТФ тАв хдйчеЮЁУВА#0248шкк:!help admin
[2021-11-15 23:31:32]ЁЭСоЁЭТУЁЭТВЁЭТДЁЭТКЁЭТВЁЭТФ тАв хдйчеЮЁУВА#0248шкк:!loglist
[2021-11-15 23:31:58]ЁЭСоЁЭТУЁЭТВЁЭТДЁЭТКЁЭТВЁЭТФ тАв хдйчеЮЁУВА#0248шкк:!downloadlog
[2021-11-15 23:34:01]ЁЭСоЁЭТУЁЭТВЁЭТДЁЭТКЁЭТВЁЭТФ тАв хдйчеЮЁУВА#0248шкк:!ccc 100 13 87
[2021-11-15 23:34:12]ЁЭСоЁЭТУЁЭТВЁЭТДЁЭТКЁЭТВЁЭТФ тАв хдйчеЮЁУВА#0248шкк:!orb
[2021-11-15 23:34:22]ЁЭСоЁЭТУЁЭТВЁЭТДЁЭТКЁЭТВЁЭТФ тАв хдйчеЮЁУВА#0248шкк:!earth
[2021-11-15 23:34:42]ЁЭСоЁЭТУЁЭТВЁЭТДЁЭТКЁЭТВЁЭТФ тАв хдйчеЮЁУВА#0248шкк:!reload
[2021-11-15 23:34:57]ЁЭСоЁЭТУЁЭТВЁЭТДЁЭТКЁЭТВЁЭТФ тАв хдйчеЮЁУВА#0248шкк:!help wws
[2021-11-15 23:35:25]ЁЭСоЁЭТУЁЭТВЁЭТДЁЭТКЁЭТВЁЭТФ тАв хдйчеЮЁУВА#0248шкк:!help user
[2021-11-15 23:35:34]ЁЭСоЁЭТУЁЭТВЁЭТДЁЭТКЁЭТВЁЭТФ тАв хдйчеЮЁУВА#0248шкк:!user
[2021-11-15 23:35:45]ЁЭСоЁЭТУЁЭТВЁЭТДЁЭТКЁЭТВЁЭТФ тАв хдйчеЮЁУВА#0248шкк:!clear 50
[2021-11-15 23:35:55]ProBot тЬи#0000шкк:
[2021-11-16 23:12:55]ProBot тЬи#0000шкк:
[2021-11-17 19:03:20]ProBot тЬи#0000шкк:
[2021-11-18 13:03:20]ЁЭСоЁЭТУЁЭТВЁЭТДЁЭТКЁЭТВЁЭТФ тАв хдйчеЮЁУВА#0248шкк:@Invalld-user
[2021-11-18 13:03:30]ProBot тЬи#0000шкк:
[2021-11-18 13:03:46]ЁЭСоЁЭТУЁЭТВЁЭТДЁЭТКЁЭТВЁЭТФ тАв хдйчеЮЁУВА#0248шкк:!clear 5
[2021-11-19 21:39:52]ЁЭСоЁЭТУЁЭТВЁЭТДЁЭТКЁЭТВЁЭТФ тАв хдйчеЮЁУВА#0248шкк:111
[2021-11-19 21:40:06]ЁЭСоЁЭТУЁЭТВЁЭТДЁЭТКЁЭТВЁЭТФ тАв хдйчеЮЁУВА#0248шкк:!help
[2021-11-19 21:40:20]ЁЭСоЁЭТУЁЭТВЁЭТДЁЭТКЁЭТВЁЭТФ тАв хдйчеЮЁУВА#0248шкк:!Orb
[2021-11-19 21:40:27]ЁЭСоЁЭТУЁЭТВЁЭТДЁЭТКЁЭТВЁЭТФ тАв хдйчеЮЁУВА#0248шкк:!orb
[2021-11-19 21:40:45]ЁЭСоЁЭТУЁЭТВЁЭТДЁЭТКЁЭТВЁЭТФ тАв хдйчеЮЁУВА#0248шкк:!help riven
[2021-11-19 21:41:09]ЁЭСоЁЭТУЁЭТВЁЭТДЁЭТКЁЭТВЁЭТФ тАв хдйчеЮЁУВА#0248шкк:warframe.market
[2021-11-19 21:43:05]ЁЭСоЁЭТУЁЭТВЁЭТДЁЭТКЁЭТВЁЭТФ тАв хдйчеЮЁУВА#0248шкк:!riven Ivara Prime Chassis
[2021-11-19 21:43:42]ЁЭСоЁЭТУЁЭТВЁЭТДЁЭТКЁЭТВЁЭТФ тАв хдйчеЮЁУВА#0248шкк:!riven IvaraPrimeChassis
[2021-11-19 21:44:09]ЁЭСоЁЭТУЁЭТВЁЭТДЁЭТКЁЭТВЁЭТФ тАв хдйчеЮЁУВА#0248шкк:!log
[2021-11-19 21:44:20]ЁЭСоЁЭТУЁЭТВЁЭТДЁЭТКЁЭТВЁЭТФ тАв хдйчеЮЁУВА#0248шкк:!help admin
[2021-11-19 21:44:41]ЁЭСоЁЭТУЁЭТВЁЭТДЁЭТКЁЭТВЁЭТФ тАв хдйчеЮЁУВА#0248шкк:!loglist
[2021-11-20 16:34:44]ProBot тЬи#0000шкк:
[2021-11-20 17:55:31]ProBot тЬи#0000шкк:
[2021-11-20 17:55:36]ProBot тЬи#0000шкк:
[2021-11-20 17:55:47]ProBot тЬи#0000шкк:
[2021-11-20 17:56:21]ProBot тЬи#0000шкк:
[2021-11-20 17:56:38]ProBot тЬи#0000шкк:
[2021-11-20 17:57:38]ProBot тЬи#0000шкк:
[2021-11-20 17:57:40]ProBot тЬи#0000шкк:
[2021-11-20 17:57:42]ProBot тЬи#0000шкк:
[2021-11-20 17:57:45]ProBot тЬи#0000шкк:
[2021-11-20 17:58:44]ProBot тЬи#0000шкк:
[2021-11-20 17:58:46]ProBot тЬи#0000шкк:
[2021-11-20 17:58:47]ProBot тЬи#0000шкк:
[2021-11-20 17:59:07]ProBot тЬи#0000шкк:
[2021-11-20 17:59:09]ProBot тЬи#0000шкк:
[2021-11-20 18:11:23]ProBot тЬи#0000шкк:
[2021-11-20 18:37:33]ProBot тЬи#0000шкк:
[2021-11-20 18:54:03]ProBot тЬи#0000шкк:
[2021-11-20 18:57:32]ProBot тЬи#0000шкк:
[2021-11-20 21:12:08]ProBot тЬи#0000шкк:
[2021-11-20 21:12:12]ProBot тЬи#0000шкк:
[2021-11-20 21:12:17]ProBot тЬи#0000шкк:
[2021-11-21 14:09:04]ProBot тЬи#0000шкк:
[2021-11-21 14:09:34]ProBot тЬи#0000шкк:
[2021-11-21 14:10:51]ProBot тЬи#0000шкк:
[2021-11-21 14:11:23]ProBot тЬи#0000шкк:
