[2021-10-06 06:50:03]Æ星夜Ŧ神氏#0248說:群組
[2021-10-06 06:50:04]𝒋𝒂𝒔𝒎𝒊𝒏𝒆ఌ#1622說:𝑨𝑬 𝑺𝒕𝒂𝒓𝒓𝒚𝒏𝒊𝒈𝒉𝒕
[2021-10-06 06:50:22]Æ星夜Ŧ神氏#0248說:!wfm
[2021-10-06 06:50:38]Æ星夜Ŧ神氏#0248說:!Orb
[2021-10-06 06:51:11]Æ星夜Ŧ神氏#0248說:!clear
[2021-10-06 06:51:19]Æ星夜Ŧ神氏#0248說:!clear 100
[2021-10-06 06:51:30]Æ星夜Ŧ神氏#0248說:!help
[2021-10-06 06:51:56]Æ星夜Ŧ神氏#0248說:!baro
[2021-10-06 06:52:18]Æ星夜Ŧ神氏#0248說:!toroid
[2021-10-06 06:52:43]Æ星夜Ŧ神氏#0248說:!help !wiki
[2021-10-06 06:52:54]Æ星夜Ŧ神氏#0248說:!help wiki
[2021-10-06 06:53:15]Æ星夜Ŧ神氏#0248說:!wiki Android
[2021-10-06 06:53:39]Æ星夜Ŧ神氏#0248說:!wiki 安卓
[2021-10-06 06:54:01]Æ星夜Ŧ神氏#0248說:!clear 28
[2021-10-06 06:59:00]Æ星夜Ŧ神氏#0248說:!help
[2021-10-06 06:59:41]Æ星夜Ŧ神氏#0248說:!nightwave
[2021-10-06 07:00:00]Æ星夜Ŧ神氏#0248說:!help nightwave
[2021-10-06 07:00:34]Æ星夜Ŧ神氏#0248說:!help ccc
[2021-10-06 07:01:41]Æ星夜Ŧ神氏#0248說:!help ooxx
[2021-10-06 07:01:49]Æ星夜Ŧ神氏#0248說:!ooxx
[2021-10-06 07:02:02]Æ星夜Ŧ神氏#0248說:!ooxx leave
[2021-10-06 07:02:10]Æ星夜Ŧ神氏#0248說:!clear 20
[2021-10-06 16:12:07]Æ星夜Ŧ神氏#0248說:!help
[2021-10-06 16:57:49]Æ星夜Ŧ神氏#0248說:!user
[2021-10-06 18:05:45]Æ星夜Ŧ神氏#0248說:!user
[2021-10-06 18:05:54]Æ星夜Ŧ神氏#0248說:!clear 30
[2021-10-06 18:06:12]Æ星夜Ŧ神氏#0248說:群組
[2021-10-06 18:06:13]𝑱𝒂𝒔𝒎𝒊𝒏𝒆ఌ#1622說:𝑨𝑬 𝑺𝒕𝒂𝒓𝒓𝒚𝒏𝒊𝒈𝒉𝒕
[2021-10-06 19:28:51]Æ星夜Ŧ神氏#0248說:Ordis
[2021-10-06 20:39:27]Æ星夜Ŧ神氏#0248說:!load wiki
[2021-10-06 20:39:35]Æ星夜Ŧ神氏#0248說:!user
[2021-10-06 20:39:44]Æ星夜Ŧ神氏#0248說:!help
[2021-10-06 20:39:58]Æ星夜Ŧ神氏#0248說:!help admin
[2021-10-06 20:40:13]Æ星夜Ŧ神氏#0248說:!reload wiki
[2021-10-06 20:40:44]Æ星夜Ŧ神氏#0248說:!wiki
[2021-10-06 20:40:57]Æ星夜Ŧ神氏#0248說:!unload wiki
[2021-10-06 20:41:18]Æ星夜Ŧ神氏#0248說:!listmod
[2021-10-06 20:41:32]Æ星夜Ŧ神氏#0248說:!rivenPrice
[2021-10-06 20:41:58]Æ星夜Ŧ神氏#0248說:wm
[2021-10-06 20:42:09]Æ星夜Ŧ神氏#0248說:!wfm
[2021-10-06 20:42:34]Æ星夜Ŧ神氏#0248說:!福爾圖娜
[2021-10-06 20:43:06]Æ星夜Ŧ神氏#0248說:!help sendch
[2021-10-06 20:43:33]Æ星夜Ŧ神氏#0248說:!sendch 894954612216459265
[2021-10-06 20:44:12]Æ星夜Ŧ神氏#0248說:!load easycalc
[2021-10-06 20:44:34]Æ星夜Ŧ神氏#0248說:!reload easycalc
[2021-10-06 20:44:45]Æ星夜Ŧ神氏#0248說:!easycalc
[2021-10-06 20:44:58]Æ星夜Ŧ神氏#0248說:!help easycalc
[2021-10-06 20:47:49]Æ星夜Ŧ神氏#0248說:!wfm
[2021-10-06 20:48:10]Æ星夜Ŧ神氏#0248說:!ping
[2021-10-06 20:48:35]Æ星夜Ŧ神氏#0248說:!Deimos
[2021-10-06 20:55:40]Æ星夜Ŧ神氏#0248說:clear
[2021-10-06 20:55:46]Æ星夜Ŧ神氏#0248說:!clear 50
[2021-10-06 22:19:48]Æ星夜Ŧ神氏#0248說:!help
[2021-10-06 22:19:59]Æ星夜Ŧ神氏#0248說:!earth
[2021-10-06 22:20:23]Æ星夜Ŧ神氏#0248說:!toroid
[2021-10-06 22:20:36]Æ星夜Ŧ神氏#0248說:!ping
[2021-10-06 22:21:02]Æ星夜Ŧ神氏#0248說:!clear 20
[2021-10-06 22:21:26]Æ星夜Ŧ神氏#0248說:111
[2021-10-06 22:21:27]Æ星夜Ŧ神氏#0248說:2223
[2021-10-06 22:21:27]Æ星夜Ŧ神氏#0248說:2
[2021-10-06 22:21:28]Æ星夜Ŧ神氏#0248說:24
[2021-10-06 22:21:28]Æ星夜Ŧ神氏#0248說:274
[2021-10-06 22:21:29]Æ星夜Ŧ神氏#0248說:2742
[2021-10-06 22:21:29]Æ星夜Ŧ神氏#0248說:4
[2021-10-06 22:21:29]Æ星夜Ŧ神氏#0248說:2
[2021-10-06 22:21:30]Æ星夜Ŧ神氏#0248說:42
[2021-10-06 22:21:30]Æ星夜Ŧ神氏#0248說:42
[2021-10-06 22:21:36]Æ星夜Ŧ神氏#0248說:4
2
[2021-10-06 22:21:38]Æ星夜Ŧ神氏#0248說:!help
[2021-10-06 22:21:47]Æ星夜Ŧ神氏#0248說:!arbitration
[2021-10-06 22:21:59]Æ星夜Ŧ神氏#0248說:!clear
[2021-10-06 22:22:06]Æ星夜Ŧ神氏#0248說:!clear 20
[2021-10-06 22:49:00]Æ星夜Ŧ神氏#0248說:!clear 1
[2021-10-06 22:49:20]Æ星夜Ŧ神氏#0248說:!help
[2021-10-06 22:49:27]Æ星夜Ŧ神氏#0248說:!ccc
[2021-10-06 22:49:36]Æ星夜Ŧ神氏#0248說:!Orb
[2021-10-06 22:49:44]Æ星夜Ŧ神氏#0248說:!earth
[2021-10-06 22:49:51]Æ星夜Ŧ神氏#0248說:!clear 20
[2021-10-07 07:48:01]Æ星夜Ŧ神氏#0248說:!help
[2021-10-08 06:39:31]Æ星夜Ŧ神氏#0248說:!ping
[2021-10-08 06:39:45]Æ星夜Ŧ神氏#0248說:!wws
[2021-10-08 06:40:04]Æ星夜Ŧ神氏#0248說:!baro
[2021-10-08 06:40:34]Æ星夜Ŧ神氏#0248說:!fissure
[2021-10-08 06:41:33]Æ星夜Ŧ神氏#0248說:!help admin
[2021-10-08 06:41:52]Æ星夜Ŧ神氏#0248說:!help setuserid
[2021-10-08 06:42:30]Æ星夜Ŧ神氏#0248說:!help cmd
[2021-10-08 06:43:20]Æ星夜Ŧ神氏#0248說:!clear 28
[2021-10-08 06:43:56]Æ星夜Ŧ神氏#0248說:!help
[2021-10-30 20:10:09]Æ檸檬Ŧ紅茶Œ#0248說:!help
[2021-10-30 20:11:11]Æ檸檬Ŧ紅茶Œ#0248說:!earth
[2021-10-30 20:11:41]Æ檸檬Ŧ紅茶Œ#0248說:福爾圖娜
[2021-10-30 20:12:02]Æ檸檬Ŧ紅茶Œ#0248說:!Orb
[2021-10-30 20:12:14]Æ檸檬Ŧ紅茶Œ#0248說:!Orb
[2021-10-30 20:14:14]Æ檸檬Ŧ紅茶Œ#0248說:更改狀態
[2021-10-30 20:14:27]Æ檸檬Ŧ紅茶Œ#0248說:!clear 50
[2021-11-09 21:38:40]ProBot ✨#0000說:
[2021-11-09 21:39:00]ProBot ✨#0000說:
[2021-11-09 21:39:07]ProBot ✨#0000說:
[2021-11-09 21:40:37]Æ檸檬Ŧ紅茶Œ#0248說:*24/7
[2021-11-09 21:40:38]ProBot ✨#5803說:由於效能因素，這個指令目前只有黃金板機器人能用
[2021-11-09 21:41:54]ProBot ✨#0000說:
[2021-11-09 21:42:19]ProBot ✨#0000說:
[2021-11-09 21:42:57]ProBot ✨#0000說:
[2021-11-09 21:43:10]ProBot ✨#0000說:
[2021-11-09 21:47:36]Æ檸檬Ŧ紅茶Œ#0248說:*roles
[2021-11-09 21:47:37]ProBot ✨#5803說:```
꧁༺星夜༒茉莉༻᭄ꦿ࿐          1 members
Bot                  4 members
𝑺𝒕𝒂𝒓𝒓𝒚𝒏𝒊𝒈𝒉𝒕 𝒔𝒂𝒌𝒖𝒓𝒂❀ 1 members
𝑺𝒕𝒂𝒓𝒓𝒚𝒏𝒊𝒈𝒉𝒕 𝒓𝒐𝒔𝒆ꨄ 1 members
𝑺𝒕𝒂𝒓𝒓𝒚𝒏𝒊𝒈𝒉𝒕 𝒎𝒊𝒏𝒕𑁍 1 members
𝑯𝒊𝒈𝒉𝒕𝒆𝒔𝒕 𝒂𝒖𝒕𝒉𝒐𝒓𝒊𝒕𝒚 1 members
𝑺𝒆𝒄𝒐𝒏𝒅 𝒂𝒖𝒕𝒉𝒐𝒓𝒊𝒕𝒚 2 members
婊子們                  3 members
ProBot ✨             1 members
新成員                  1 members
@everyone            8 members
```
[2021-11-09 21:47:52]Æ檸檬Ŧ紅茶Œ#0248說:*avatar
[2021-11-09 21:47:53]ProBot ✨#5803說:
[2021-11-09 21:48:10]ProBot ✨#0000說:
[2021-11-09 21:48:25]Æ檸檬Ŧ紅茶Œ#0248說:*points
[2021-11-09 21:48:26]ProBot ✨#5803說:
[2021-11-09 21:48:36]Æ檸檬Ŧ紅茶Œ#0248說:*help points
[2021-11-09 21:48:36]ProBot ✨#5803說:
[2021-11-09 21:48:52]Æ檸檬Ŧ紅茶Œ#0248說:*points <@!711206445655392377> +10000
[2021-11-09 21:48:53]ProBot ✨#5803說::sparkles:  **Æ檸檬Ŧ紅茶Œ**的新分數是**10000**
[2021-11-09 21:49:08]Æ檸檬Ŧ紅茶Œ#0248說:*ping
[2021-11-09 21:49:09]ProBot ✨#5803說:pong! :ping_pong:
[2021-11-09 21:49:20]Æ檸檬Ŧ紅茶Œ#0248說:*ping
!ping
[2021-11-09 21:49:22]ProBot ✨#5803說:**Æ檸檬Ŧ紅茶Œ**，冷卻 (剩餘 **1 分鐘**)
[2021-11-09 21:49:25]ProBot ✨#0000說:
[2021-11-09 21:49:35]Æ檸檬Ŧ紅茶Œ#0248說:!ping
[2021-11-09 22:06:45]Æ檸檬Ŧ紅茶Œ#0248說:*points Admin
[2021-11-09 22:06:46]ProBot ✨#5803說::rolling_eyes: i can't find this role
[2021-11-09 22:06:59]Æ檸檬Ŧ紅茶Œ#0248說:*clear
[2021-11-09 22:07:00]ProBot ✨#5803說:Deleting messages ...
[2021-11-09 22:07:02]ProBot ✨#0000說:
[2021-11-09 22:07:05]ProBot ✨#0000說:
[2021-11-09 22:07:29]ProBot ✨#0000說:
[2021-11-09 22:07:56]ProBot ✨#0000說:
[2021-11-09 22:07:58]ProBot ✨#0000說:
[2021-11-09 22:08:00]ProBot ✨#0000說:
[2021-11-10 19:44:17]ProBot ✨#0000說:
[2021-11-10 19:44:19]ProBot ✨#0000說:
[2021-11-10 19:44:21]ProBot ✨#0000說:
[2021-11-10 19:44:26]ProBot ✨#0000說:
[2021-11-10 19:46:19]Æ檸檬Ŧ紅茶Œ#0248說:*24/7
[2021-11-10 19:46:19]ProBot ✨#5803說:由於效能因素，這個指令目前只有黃金板機器人能用
[2021-11-10 19:49:18]Æ檸檬Ŧ紅茶Œ#0248說:!clear 300
[2021-11-10 19:49:30]Æ檸檬Ŧ紅茶Œ#0248說:!clear 5
[2021-11-14 23:34:18]𝑮𝒓𝒂𝒄𝒊𝒂𝒔 • 天神𓂀#0248說:.help
[2021-11-14 23:34:18]𝑳𝒊𝒍𝒚ꕥ#2870說:
[2021-11-14 23:34:28]𝑮𝒓𝒂𝒄𝒊𝒂𝒔 • 天神𓂀#0248說:.cookie
[2021-11-14 23:34:28]𝑳𝒊𝒍𝒚ꕥ#2870說:Enjoy your Cookie :cookie: <@711206445655392377>
[2021-11-14 23:34:42]𝑮𝒓𝒂𝒄𝒊𝒂𝒔 • 天神𓂀#0248說:.dog
[2021-11-14 23:34:44]𝑳𝒊𝒍𝒚ꕥ#2870說:https://random.dog/6f031934-16e6-4240-8814-de7668de0a26.mp4
[2021-11-14 23:34:51]𝑮𝒓𝒂𝒄𝒊𝒂𝒔 • 天神𓂀#0248說:.cat
[2021-11-14 23:34:52]𝑳𝒊𝒍𝒚ꕥ#2870說:https://thatcopy.github.io/catAPI/imgs/jpg/c67fbd1.jpg
[2021-11-14 23:35:16]𝑮𝒓𝒂𝒄𝒊𝒂𝒔 • 天神𓂀#0248說:.filp
[2021-11-14 23:35:27]𝑮𝒓𝒂𝒄𝒊𝒂𝒔 • 天神𓂀#0248說:.flip
[2021-11-14 23:35:28]𝑳𝒊𝒍𝒚ꕥ#2870說:You got **Tails** <@711206445655392377>
[2021-11-14 23:35:59]𝑮𝒓𝒂𝒄𝒊𝒂𝒔 • 天神𓂀#0248說:.bubbletea
[2021-11-14 23:35:59]𝑳𝒊𝒍𝒚ꕥ#2870說:Here's your Bubble Tea :bubble_tea: <@711206445655392377>
[2021-11-14 23:36:12]𝑮𝒓𝒂𝒄𝒊𝒂𝒔 • 天神𓂀#0248說:!clear 50
[2021-11-14 23:36:24]𝑮𝒓𝒂𝒄𝒊𝒂𝒔 • 天神𓂀#0248說:!clear 2
